0 info it worked if it ends with ok
1 verbose cli [ '/usr/bin/nodejs',
1 verbose cli   '/usr/bin/npm',
1 verbose cli   'install',
1 verbose cli   '--save',
1 verbose cli   'auth0-lock' ]
2 info using npm@3.10.5
3 info using node@v6.3.1
4 silly loadCurrentTree Starting
5 silly install loadCurrentTree
6 silly install readLocalPackageData
7 silly fetchPackageMetaData auth0-lock
8 silly fetchNamedPackageData auth0-lock
9 silly mapToRegistry name auth0-lock
10 silly mapToRegistry using default registry
11 silly mapToRegistry registry https://registry.npmjs.org/
12 silly mapToRegistry data Result {
12 silly mapToRegistry   raw: 'auth0-lock',
12 silly mapToRegistry   scope: null,
12 silly mapToRegistry   escapedName: 'auth0-lock',
12 silly mapToRegistry   name: 'auth0-lock',
12 silly mapToRegistry   rawSpec: '',
12 silly mapToRegistry   spec: 'latest',
12 silly mapToRegistry   type: 'tag' }
13 silly mapToRegistry uri https://registry.npmjs.org/auth0-lock
14 verbose request uri https://registry.npmjs.org/auth0-lock
15 verbose request no auth needed
16 info attempt registry request try #1 at 6:39:30 AM
17 verbose request id 10f617fddb6fe6c0
18 verbose etag "BZUUPY5MZDGE0JXBQKO5IA5AO"
19 http request GET https://registry.npmjs.org/auth0-lock
20 info retry will retry, error on last attempt: Error: getaddrinfo EAI_AGAIN registry.npmjs.org:443
21 info attempt registry request try #2 at 6:40:00 AM
22 verbose etag "BZUUPY5MZDGE0JXBQKO5IA5AO"
23 http request GET https://registry.npmjs.org/auth0-lock
24 http 304 https://registry.npmjs.org/auth0-lock
25 verbose headers { date: 'Tue, 09 Aug 2016 03:40:01 GMT',
25 verbose headers   via: '1.1 varnish',
25 verbose headers   'cache-control': 'max-age=300',
25 verbose headers   etag: '"BZUUPY5MZDGE0JXBQKO5IA5AO"',
25 verbose headers   age: '134',
25 verbose headers   connection: 'keep-alive',
25 verbose headers   'x-served-by': 'cache-lhr6325-LHR',
25 verbose headers   'x-cache': 'HIT',
25 verbose headers   'x-cache-hits': '1',
25 verbose headers   'x-timer': 'S1470714001.248211,VS0,VE0',
25 verbose headers   vary: 'Accept-Encoding' }
26 silly get cb [ 304,
26 silly get   { date: 'Tue, 09 Aug 2016 03:40:01 GMT',
26 silly get     via: '1.1 varnish',
26 silly get     'cache-control': 'max-age=300',
26 silly get     etag: '"BZUUPY5MZDGE0JXBQKO5IA5AO"',
26 silly get     age: '134',
26 silly get     connection: 'keep-alive',
26 silly get     'x-served-by': 'cache-lhr6325-LHR',
26 silly get     'x-cache': 'HIT',
26 silly get     'x-cache-hits': '1',
26 silly get     'x-timer': 'S1470714001.248211,VS0,VE0',
26 silly get     vary: 'Accept-Encoding' } ]
27 verbose etag https://registry.npmjs.org/auth0-lock from cache
28 verbose get saving auth0-lock to /home/mikias/.npm/registry.npmjs.org/auth0-lock/.cache.json
29 verbose correctMkdir /home/mikias/.npm correctMkdir not in flight; initializing
30 silly install normalizeTree
31 silly loadCurrentTree Finishing
32 silly loadIdealTree Starting
33 silly install loadIdealTree
34 silly cloneCurrentTree Starting
35 silly install cloneCurrentTreeToIdealTree
36 silly cloneCurrentTree Finishing
37 silly loadShrinkwrap Starting
38 silly install loadShrinkwrap
39 silly loadShrinkwrap Finishing
40 silly loadAllDepsIntoIdealTree Starting
41 silly install loadAllDepsIntoIdealTree
42 silly resolveWithNewModule auth0-lock@10.0.2 checking installable status
43 silly cache add args [ 'auth0-lock', null ]
44 verbose cache add spec auth0-lock
45 silly cache add parsed spec Result {
45 silly cache add   raw: 'auth0-lock',
45 silly cache add   scope: null,
45 silly cache add   escapedName: 'auth0-lock',
45 silly cache add   name: 'auth0-lock',
45 silly cache add   rawSpec: '',
45 silly cache add   spec: 'latest',
45 silly cache add   type: 'tag' }
46 silly addNamed auth0-lock@latest
47 verbose addNamed "latest" is being treated as a dist-tag for auth0-lock
48 info addNameTag [ 'auth0-lock', 'latest' ]
49 silly mapToRegistry name auth0-lock
50 silly mapToRegistry using default registry
51 silly mapToRegistry registry https://registry.npmjs.org/
52 silly mapToRegistry data Result {
52 silly mapToRegistry   raw: 'auth0-lock',
52 silly mapToRegistry   scope: null,
52 silly mapToRegistry   escapedName: 'auth0-lock',
52 silly mapToRegistry   name: 'auth0-lock',
52 silly mapToRegistry   rawSpec: '',
52 silly mapToRegistry   spec: 'latest',
52 silly mapToRegistry   type: 'tag' }
53 silly mapToRegistry uri https://registry.npmjs.org/auth0-lock
54 verbose addNameTag registry:https://registry.npmjs.org/auth0-lock not in flight; fetching
55 verbose get https://registry.npmjs.org/auth0-lock not expired, no request
56 silly addNameTag next cb for auth0-lock with tag latest
57 silly addNamed auth0-lock@10.0.2
58 verbose addNamed "10.0.2" is a plain semver version for auth0-lock
59 silly cache afterAdd auth0-lock@10.0.2
60 verbose afterAdd /home/mikias/.npm/auth0-lock/10.0.2/package/package.json not in flight; writing
61 verbose correctMkdir /home/mikias/.npm correctMkdir not in flight; initializing
62 verbose afterAdd /home/mikias/.npm/auth0-lock/10.0.2/package/package.json written
63 silly fetchNamedPackageData auth0-js
64 silly mapToRegistry name auth0-js
65 silly mapToRegistry using default registry
66 silly mapToRegistry registry https://registry.npmjs.org/
67 silly mapToRegistry data Result {
67 silly mapToRegistry   raw: 'auth0-js',
67 silly mapToRegistry   scope: null,
67 silly mapToRegistry   escapedName: 'auth0-js',
67 silly mapToRegistry   name: 'auth0-js',
67 silly mapToRegistry   rawSpec: '',
67 silly mapToRegistry   spec: 'latest',
67 silly mapToRegistry   type: 'tag' }
68 silly mapToRegistry uri https://registry.npmjs.org/auth0-js
69 silly fetchNamedPackageData blueimp-md5
70 silly mapToRegistry name blueimp-md5
71 silly mapToRegistry using default registry
72 silly mapToRegistry registry https://registry.npmjs.org/
73 silly mapToRegistry data Result {
73 silly mapToRegistry   raw: 'blueimp-md5',
73 silly mapToRegistry   scope: null,
73 silly mapToRegistry   escapedName: 'blueimp-md5',
73 silly mapToRegistry   name: 'blueimp-md5',
73 silly mapToRegistry   rawSpec: '',
73 silly mapToRegistry   spec: 'latest',
73 silly mapToRegistry   type: 'tag' }
74 silly mapToRegistry uri https://registry.npmjs.org/blueimp-md5
75 silly fetchNamedPackageData fbjs
76 silly mapToRegistry name fbjs
77 silly mapToRegistry using default registry
78 silly mapToRegistry registry https://registry.npmjs.org/
79 silly mapToRegistry data Result {
79 silly mapToRegistry   raw: 'fbjs',
79 silly mapToRegistry   scope: null,
79 silly mapToRegistry   escapedName: 'fbjs',
79 silly mapToRegistry   name: 'fbjs',
79 silly mapToRegistry   rawSpec: '',
79 silly mapToRegistry   spec: 'latest',
79 silly mapToRegistry   type: 'tag' }
80 silly mapToRegistry uri https://registry.npmjs.org/fbjs
81 silly fetchNamedPackageData jsonp
82 silly mapToRegistry name jsonp
83 silly mapToRegistry using default registry
84 silly mapToRegistry registry https://registry.npmjs.org/
85 silly mapToRegistry data Result {
85 silly mapToRegistry   raw: 'jsonp',
85 silly mapToRegistry   scope: null,
85 silly mapToRegistry   escapedName: 'jsonp',
85 silly mapToRegistry   name: 'jsonp',
85 silly mapToRegistry   rawSpec: '',
85 silly mapToRegistry   spec: 'latest',
85 silly mapToRegistry   type: 'tag' }
86 silly mapToRegistry uri https://registry.npmjs.org/jsonp
87 silly fetchNamedPackageData password-sheriff
88 silly mapToRegistry name password-sheriff
89 silly mapToRegistry using default registry
90 silly mapToRegistry registry https://registry.npmjs.org/
91 silly mapToRegistry data Result {
91 silly mapToRegistry   raw: 'password-sheriff',
91 silly mapToRegistry   scope: null,
91 silly mapToRegistry   escapedName: 'password-sheriff',
91 silly mapToRegistry   name: 'password-sheriff',
91 silly mapToRegistry   rawSpec: '',
91 silly mapToRegistry   spec: 'latest',
91 silly mapToRegistry   type: 'tag' }
92 silly mapToRegistry uri https://registry.npmjs.org/password-sheriff
93 silly fetchNamedPackageData react
94 silly mapToRegistry name react
95 silly mapToRegistry using default registry
96 silly mapToRegistry registry https://registry.npmjs.org/
97 silly mapToRegistry data Result {
97 silly mapToRegistry   raw: 'react',
97 silly mapToRegistry   scope: null,
97 silly mapToRegistry   escapedName: 'react',
97 silly mapToRegistry   name: 'react',
97 silly mapToRegistry   rawSpec: '',
97 silly mapToRegistry   spec: 'latest',
97 silly mapToRegistry   type: 'tag' }
98 silly mapToRegistry uri https://registry.npmjs.org/react
99 silly fetchNamedPackageData react-dom
100 silly mapToRegistry name react-dom
101 silly mapToRegistry using default registry
102 silly mapToRegistry registry https://registry.npmjs.org/
103 silly mapToRegistry data Result {
103 silly mapToRegistry   raw: 'react-dom',
103 silly mapToRegistry   scope: null,
103 silly mapToRegistry   escapedName: 'react-dom',
103 silly mapToRegistry   name: 'react-dom',
103 silly mapToRegistry   rawSpec: '',
103 silly mapToRegistry   spec: 'latest',
103 silly mapToRegistry   type: 'tag' }
104 silly mapToRegistry uri https://registry.npmjs.org/react-dom
105 silly fetchNamedPackageData react-addons-css-transition-group
106 silly mapToRegistry name react-addons-css-transition-group
107 silly mapToRegistry using default registry
108 silly mapToRegistry registry https://registry.npmjs.org/
109 silly mapToRegistry data Result {
109 silly mapToRegistry   raw: 'react-addons-css-transition-group',
109 silly mapToRegistry   scope: null,
109 silly mapToRegistry   escapedName: 'react-addons-css-transition-group',
109 silly mapToRegistry   name: 'react-addons-css-transition-group',
109 silly mapToRegistry   rawSpec: '',
109 silly mapToRegistry   spec: 'latest',
109 silly mapToRegistry   type: 'tag' }
110 silly mapToRegistry uri https://registry.npmjs.org/react-addons-css-transition-group
111 silly fetchNamedPackageData react-addons-transition-group
112 silly mapToRegistry name react-addons-transition-group
113 silly mapToRegistry using default registry
114 silly mapToRegistry registry https://registry.npmjs.org/
115 silly mapToRegistry data Result {
115 silly mapToRegistry   raw: 'react-addons-transition-group',
115 silly mapToRegistry   scope: null,
115 silly mapToRegistry   escapedName: 'react-addons-transition-group',
115 silly mapToRegistry   name: 'react-addons-transition-group',
115 silly mapToRegistry   rawSpec: '',
115 silly mapToRegistry   spec: 'latest',
115 silly mapToRegistry   type: 'tag' }
116 silly mapToRegistry uri https://registry.npmjs.org/react-addons-transition-group
117 silly fetchNamedPackageData trim
118 silly mapToRegistry name trim
119 silly mapToRegistry using default registry
120 silly mapToRegistry registry https://registry.npmjs.org/
121 silly mapToRegistry data Result {
121 silly mapToRegistry   raw: 'trim',
121 silly mapToRegistry   scope: null,
121 silly mapToRegistry   escapedName: 'trim',
121 silly mapToRegistry   name: 'trim',
121 silly mapToRegistry   rawSpec: '',
121 silly mapToRegistry   spec: 'latest',
121 silly mapToRegistry   type: 'tag' }
122 silly mapToRegistry uri https://registry.npmjs.org/trim
123 verbose request uri https://registry.npmjs.org/password-sheriff
124 verbose request no auth needed
125 info attempt registry request try #1 at 6:40:04 AM
126 verbose etag "7XZ50NVDPIW5N8BFOPT527N1"
127 http request GET https://registry.npmjs.org/password-sheriff
128 verbose request uri https://registry.npmjs.org/blueimp-md5
129 verbose request no auth needed
130 info attempt registry request try #1 at 6:40:04 AM
131 verbose etag "11Y1YGPMT68Q9AFRSWKYSUOK8"
132 http request GET https://registry.npmjs.org/blueimp-md5
133 verbose request uri https://registry.npmjs.org/fbjs
134 verbose request no auth needed
135 info attempt registry request try #1 at 6:40:04 AM
136 verbose etag "4X6HWVJ262S063506ZZIM9ZR1"
137 http request GET https://registry.npmjs.org/fbjs
138 verbose request uri https://registry.npmjs.org/jsonp
139 verbose request no auth needed
140 info attempt registry request try #1 at 6:40:04 AM
141 verbose etag "LFHQE6RAZFA8WDT69JJZ5A4U"
142 http request GET https://registry.npmjs.org/jsonp
143 verbose request uri https://registry.npmjs.org/react
144 verbose request no auth needed
145 info attempt registry request try #1 at 6:40:04 AM
146 verbose etag "7550GS1RL340O25871GOR44NP"
147 http request GET https://registry.npmjs.org/react
148 verbose request uri https://registry.npmjs.org/auth0-js
149 verbose request no auth needed
150 info attempt registry request try #1 at 6:40:04 AM
151 verbose etag "78T810JHL0K3LBLEO0JR781HR"
152 http request GET https://registry.npmjs.org/auth0-js
153 verbose request uri https://registry.npmjs.org/react-dom
154 verbose request no auth needed
155 info attempt registry request try #1 at 6:40:04 AM
156 verbose etag "1E2IKPJ8I1L1L88JW6O2IP2E0"
157 http request GET https://registry.npmjs.org/react-dom
158 verbose request uri https://registry.npmjs.org/react-addons-css-transition-group
159 verbose request no auth needed
160 info attempt registry request try #1 at 6:40:04 AM
161 verbose etag "372MI0VGXR31UT4260CUOEUF4"
162 http request GET https://registry.npmjs.org/react-addons-css-transition-group
163 verbose request uri https://registry.npmjs.org/react-addons-transition-group
164 verbose request no auth needed
165 info attempt registry request try #1 at 6:40:04 AM
166 verbose etag "4J6TA15VB5I26DQOE7ITI6JSZ"
167 http request GET https://registry.npmjs.org/react-addons-transition-group
168 verbose request uri https://registry.npmjs.org/trim
169 verbose request no auth needed
170 info attempt registry request try #1 at 6:40:04 AM
171 verbose etag "4CKNRNVGBG6N4Z55UV90NZ5MD"
172 http request GET https://registry.npmjs.org/trim
173 http 304 https://registry.npmjs.org/password-sheriff
174 verbose headers { date: 'Tue, 09 Aug 2016 03:40:04 GMT',
174 verbose headers   via: '1.1 varnish',
174 verbose headers   'cache-control': 'max-age=300',
174 verbose headers   etag: '"7XZ50NVDPIW5N8BFOPT527N1"',
174 verbose headers   age: '134',
174 verbose headers   connection: 'keep-alive',
174 verbose headers   'x-served-by': 'cache-lhr6325-LHR',
174 verbose headers   'x-cache': 'HIT',
174 verbose headers   'x-cache-hits': '1',
174 verbose headers   'x-timer': 'S1470714004.464951,VS0,VE0',
174 verbose headers   vary: 'Accept-Encoding' }
175 silly get cb [ 304,
175 silly get   { date: 'Tue, 09 Aug 2016 03:40:04 GMT',
175 silly get     via: '1.1 varnish',
175 silly get     'cache-control': 'max-age=300',
175 silly get     etag: '"7XZ50NVDPIW5N8BFOPT527N1"',
175 silly get     age: '134',
175 silly get     connection: 'keep-alive',
175 silly get     'x-served-by': 'cache-lhr6325-LHR',
175 silly get     'x-cache': 'HIT',
175 silly get     'x-cache-hits': '1',
175 silly get     'x-timer': 'S1470714004.464951,VS0,VE0',
175 silly get     vary: 'Accept-Encoding' } ]
176 verbose etag https://registry.npmjs.org/password-sheriff from cache
177 verbose get saving password-sheriff to /home/mikias/.npm/registry.npmjs.org/password-sheriff/.cache.json
178 verbose correctMkdir /home/mikias/.npm correctMkdir not in flight; initializing
179 silly resolveWithNewModule password-sheriff@1.0.1 checking installable status
180 silly cache add args [ 'password-sheriff@^1.0.0', null ]
181 verbose cache add spec password-sheriff@^1.0.0
182 silly cache add parsed spec Result {
182 silly cache add   raw: 'password-sheriff@^1.0.0',
182 silly cache add   scope: null,
182 silly cache add   escapedName: 'password-sheriff',
182 silly cache add   name: 'password-sheriff',
182 silly cache add   rawSpec: '^1.0.0',
182 silly cache add   spec: '>=1.0.0 <2.0.0',
182 silly cache add   type: 'range' }
183 silly addNamed password-sheriff@>=1.0.0 <2.0.0
184 verbose addNamed ">=1.0.0 <2.0.0" is a valid semver range for password-sheriff
185 silly addNameRange { name: 'password-sheriff',
185 silly addNameRange   range: '>=1.0.0 <2.0.0',
185 silly addNameRange   hasData: false }
186 silly mapToRegistry name password-sheriff
187 silly mapToRegistry using default registry
188 silly mapToRegistry registry https://registry.npmjs.org/
189 silly mapToRegistry data Result {
189 silly mapToRegistry   raw: 'password-sheriff',
189 silly mapToRegistry   scope: null,
189 silly mapToRegistry   escapedName: 'password-sheriff',
189 silly mapToRegistry   name: 'password-sheriff',
189 silly mapToRegistry   rawSpec: '',
189 silly mapToRegistry   spec: 'latest',
189 silly mapToRegistry   type: 'tag' }
190 silly mapToRegistry uri https://registry.npmjs.org/password-sheriff
191 verbose addNameRange registry:https://registry.npmjs.org/password-sheriff not in flight; fetching
192 verbose get https://registry.npmjs.org/password-sheriff not expired, no request
193 silly addNameRange number 2 { name: 'password-sheriff',
193 silly addNameRange   range: '>=1.0.0 <2.0.0',
193 silly addNameRange   hasData: true }
194 silly addNameRange versions [ 'password-sheriff',
194 silly addNameRange   [ '0.0.1',
194 silly addNameRange     '0.1.0',
194 silly addNameRange     '0.2.0',
194 silly addNameRange     '0.3.0',
194 silly addNameRange     '0.3.1',
194 silly addNameRange     '0.3.2',
194 silly addNameRange     '0.3.3',
194 silly addNameRange     '0.4.0',
194 silly addNameRange     '1.0.0',
194 silly addNameRange     '1.0.1' ] ]
195 silly addNamed password-sheriff@1.0.1
196 verbose addNamed "1.0.1" is a plain semver version for password-sheriff
197 silly cache afterAdd password-sheriff@1.0.1
198 verbose afterAdd /home/mikias/.npm/password-sheriff/1.0.1/package/package.json not in flight; writing
199 verbose correctMkdir /home/mikias/.npm correctMkdir not in flight; initializing
200 verbose afterAdd /home/mikias/.npm/password-sheriff/1.0.1/package/package.json written
201 http 304 https://registry.npmjs.org/fbjs
202 verbose headers { date: 'Tue, 09 Aug 2016 03:40:04 GMT',
202 verbose headers   via: '1.1 varnish',
202 verbose headers   'cache-control': 'max-age=300',
202 verbose headers   etag: '"4X6HWVJ262S063506ZZIM9ZR1"',
202 verbose headers   age: '170',
202 verbose headers   connection: 'keep-alive',
202 verbose headers   'x-served-by': 'cache-lhr6325-LHR',
202 verbose headers   'x-cache': 'HIT',
202 verbose headers   'x-cache-hits': '1',
202 verbose headers   'x-timer': 'S1470714004.733167,VS0,VE0',
202 verbose headers   vary: 'Accept-Encoding' }
203 silly get cb [ 304,
203 silly get   { date: 'Tue, 09 Aug 2016 03:40:04 GMT',
203 silly get     via: '1.1 varnish',
203 silly get     'cache-control': 'max-age=300',
203 silly get     etag: '"4X6HWVJ262S063506ZZIM9ZR1"',
203 silly get     age: '170',
203 silly get     connection: 'keep-alive',
203 silly get     'x-served-by': 'cache-lhr6325-LHR',
203 silly get     'x-cache': 'HIT',
203 silly get     'x-cache-hits': '1',
203 silly get     'x-timer': 'S1470714004.733167,VS0,VE0',
203 silly get     vary: 'Accept-Encoding' } ]
204 verbose etag https://registry.npmjs.org/fbjs from cache
205 verbose get saving fbjs to /home/mikias/.npm/registry.npmjs.org/fbjs/.cache.json
206 verbose correctMkdir /home/mikias/.npm correctMkdir not in flight; initializing
207 silly resolveWithNewModule fbjs@0.3.2 checking installable status
208 silly cache add args [ 'fbjs@^0.3.1', null ]
209 verbose cache add spec fbjs@^0.3.1
210 silly cache add parsed spec Result {
210 silly cache add   raw: 'fbjs@^0.3.1',
210 silly cache add   scope: null,
210 silly cache add   escapedName: 'fbjs',
210 silly cache add   name: 'fbjs',
210 silly cache add   rawSpec: '^0.3.1',
210 silly cache add   spec: '>=0.3.1 <0.4.0',
210 silly cache add   type: 'range' }
211 silly addNamed fbjs@>=0.3.1 <0.4.0
212 verbose addNamed ">=0.3.1 <0.4.0" is a valid semver range for fbjs
213 silly addNameRange { name: 'fbjs', range: '>=0.3.1 <0.4.0', hasData: false }
214 silly mapToRegistry name fbjs
215 silly mapToRegistry using default registry
216 silly mapToRegistry registry https://registry.npmjs.org/
217 silly mapToRegistry data Result {
217 silly mapToRegistry   raw: 'fbjs',
217 silly mapToRegistry   scope: null,
217 silly mapToRegistry   escapedName: 'fbjs',
217 silly mapToRegistry   name: 'fbjs',
217 silly mapToRegistry   rawSpec: '',
217 silly mapToRegistry   spec: 'latest',
217 silly mapToRegistry   type: 'tag' }
218 silly mapToRegistry uri https://registry.npmjs.org/fbjs
219 verbose addNameRange registry:https://registry.npmjs.org/fbjs not in flight; fetching
220 verbose get https://registry.npmjs.org/fbjs not expired, no request
221 silly addNameRange number 2 { name: 'fbjs', range: '>=0.3.1 <0.4.0', hasData: true }
222 silly addNameRange versions [ 'fbjs',
222 silly addNameRange   [ '0.0.0',
222 silly addNameRange     '0.1.0-alpha.0',
222 silly addNameRange     '0.1.0-alpha.1',
222 silly addNameRange     '0.1.0-alpha.2',
222 silly addNameRange     '0.1.0-alpha.3',
222 silly addNameRange     '0.1.0-alpha.4',
222 silly addNameRange     '0.1.0-alpha.5',
222 silly addNameRange     '0.1.0-alpha.6',
222 silly addNameRange     '0.1.0-alpha.7',
222 silly addNameRange     '0.1.0-alpha.8',
222 silly addNameRange     '0.1.0-alpha.9',
222 silly addNameRange     '0.1.0-alpha.10',
222 silly addNameRange     '0.1.0-alpha.11',
222 silly addNameRange     '0.1.0-alpha.12',
222 silly addNameRange     '0.2.0',
222 silly addNameRange     '0.2.1',
222 silly addNameRange     '0.3.1',
222 silly addNameRange     '0.3.2',
222 silly addNameRange     '0.4.0',
222 silly addNameRange     '0.5.0',
222 silly addNameRange     '0.5.1',
222 silly addNameRange     '0.6.0',
222 silly addNameRange     '0.6.1',
222 silly addNameRange     '0.7.0',
222 silly addNameRange     '0.7.1',
222 silly addNameRange     '0.7.2',
222 silly addNameRange     '0.8.0-alpha.1',
222 silly addNameRange     '0.8.0-alpha.2',
222 silly addNameRange     '0.8.0-alpha.3',
222 silly addNameRange     '0.8.0',
222 silly addNameRange     '0.8.1',
222 silly addNameRange     '0.8.2',
222 silly addNameRange     '0.8.3',
222 silly addNameRange     '0.9.0-alpha.1' ] ]
223 silly addNamed fbjs@0.3.2
224 verbose addNamed "0.3.2" is a plain semver version for fbjs
225 http 304 https://registry.npmjs.org/blueimp-md5
226 verbose headers { date: 'Tue, 09 Aug 2016 03:40:04 GMT',
226 verbose headers   via: '1.1 varnish',
226 verbose headers   'cache-control': 'max-age=300',
226 verbose headers   etag: '"11Y1YGPMT68Q9AFRSWKYSUOK8"',
226 verbose headers   age: '134',
226 verbose headers   connection: 'keep-alive',
226 verbose headers   'x-served-by': 'cache-lhr6327-LHR',
226 verbose headers   'x-cache': 'HIT',
226 verbose headers   'x-cache-hits': '1',
226 verbose headers   'x-timer': 'S1470714004.751984,VS0,VE0',
226 verbose headers   vary: 'Accept-Encoding' }
227 silly get cb [ 304,
227 silly get   { date: 'Tue, 09 Aug 2016 03:40:04 GMT',
227 silly get     via: '1.1 varnish',
227 silly get     'cache-control': 'max-age=300',
227 silly get     etag: '"11Y1YGPMT68Q9AFRSWKYSUOK8"',
227 silly get     age: '134',
227 silly get     connection: 'keep-alive',
227 silly get     'x-served-by': 'cache-lhr6327-LHR',
227 silly get     'x-cache': 'HIT',
227 silly get     'x-cache-hits': '1',
227 silly get     'x-timer': 'S1470714004.751984,VS0,VE0',
227 silly get     vary: 'Accept-Encoding' } ]
228 verbose etag https://registry.npmjs.org/blueimp-md5 from cache
229 verbose get saving blueimp-md5 to /home/mikias/.npm/registry.npmjs.org/blueimp-md5/.cache.json
230 verbose correctMkdir /home/mikias/.npm correctMkdir not in flight; initializing
231 http 304 https://registry.npmjs.org/jsonp
232 verbose headers { date: 'Tue, 09 Aug 2016 03:40:04 GMT',
232 verbose headers   via: '1.1 varnish',
232 verbose headers   'cache-control': 'max-age=300',
232 verbose headers   etag: '"LFHQE6RAZFA8WDT69JJZ5A4U"',
232 verbose headers   age: '134',
232 verbose headers   connection: 'keep-alive',
232 verbose headers   'x-served-by': 'cache-lhr6347-LHR',
232 verbose headers   'x-cache': 'HIT',
232 verbose headers   'x-cache-hits': '1',
232 verbose headers   'x-timer': 'S1470714004.748201,VS0,VE0',
232 verbose headers   vary: 'Accept-Encoding' }
233 silly get cb [ 304,
233 silly get   { date: 'Tue, 09 Aug 2016 03:40:04 GMT',
233 silly get     via: '1.1 varnish',
233 silly get     'cache-control': 'max-age=300',
233 silly get     etag: '"LFHQE6RAZFA8WDT69JJZ5A4U"',
233 silly get     age: '134',
233 silly get     connection: 'keep-alive',
233 silly get     'x-served-by': 'cache-lhr6347-LHR',
233 silly get     'x-cache': 'HIT',
233 silly get     'x-cache-hits': '1',
233 silly get     'x-timer': 'S1470714004.748201,VS0,VE0',
233 silly get     vary: 'Accept-Encoding' } ]
234 verbose etag https://registry.npmjs.org/jsonp from cache
235 verbose get saving jsonp to /home/mikias/.npm/registry.npmjs.org/jsonp/.cache.json
236 verbose correctMkdir /home/mikias/.npm correctMkdir not in flight; initializing
237 http 304 https://registry.npmjs.org/react
238 verbose headers { date: 'Tue, 09 Aug 2016 03:40:04 GMT',
238 verbose headers   via: '1.1 varnish',
238 verbose headers   'cache-control': 'max-age=300',
238 verbose headers   etag: '"7550GS1RL340O25871GOR44NP"',
238 verbose headers   age: '0',
238 verbose headers   connection: 'keep-alive',
238 verbose headers   'x-served-by': 'cache-lhr6343-LHR',
238 verbose headers   'x-cache': 'HIT',
238 verbose headers   'x-cache-hits': '2',
238 verbose headers   'x-timer': 'S1470714004.753722,VS0,VE0',
238 verbose headers   vary: 'Accept-Encoding' }
239 silly get cb [ 304,
239 silly get   { date: 'Tue, 09 Aug 2016 03:40:04 GMT',
239 silly get     via: '1.1 varnish',
239 silly get     'cache-control': 'max-age=300',
239 silly get     etag: '"7550GS1RL340O25871GOR44NP"',
239 silly get     age: '0',
239 silly get     connection: 'keep-alive',
239 silly get     'x-served-by': 'cache-lhr6343-LHR',
239 silly get     'x-cache': 'HIT',
239 silly get     'x-cache-hits': '2',
239 silly get     'x-timer': 'S1470714004.753722,VS0,VE0',
239 silly get     vary: 'Accept-Encoding' } ]
240 verbose etag https://registry.npmjs.org/react from cache
241 verbose get saving react to /home/mikias/.npm/registry.npmjs.org/react/.cache.json
242 verbose correctMkdir /home/mikias/.npm correctMkdir not in flight; initializing
243 silly cache afterAdd fbjs@0.3.2
244 verbose afterAdd /home/mikias/.npm/fbjs/0.3.2/package/package.json not in flight; writing
245 verbose correctMkdir /home/mikias/.npm correctMkdir not in flight; initializing
246 silly resolveWithNewModule jsonp@0.2.0 checking installable status
247 silly cache add args [ 'jsonp@^0.2.0', null ]
248 verbose cache add spec jsonp@^0.2.0
249 silly cache add parsed spec Result {
249 silly cache add   raw: 'jsonp@^0.2.0',
249 silly cache add   scope: null,
249 silly cache add   escapedName: 'jsonp',
249 silly cache add   name: 'jsonp',
249 silly cache add   rawSpec: '^0.2.0',
249 silly cache add   spec: '>=0.2.0 <0.3.0',
249 silly cache add   type: 'range' }
250 silly addNamed jsonp@>=0.2.0 <0.3.0
251 verbose addNamed ">=0.2.0 <0.3.0" is a valid semver range for jsonp
252 silly addNameRange { name: 'jsonp', range: '>=0.2.0 <0.3.0', hasData: false }
253 silly mapToRegistry name jsonp
254 silly mapToRegistry using default registry
255 silly mapToRegistry registry https://registry.npmjs.org/
256 silly mapToRegistry data Result {
256 silly mapToRegistry   raw: 'jsonp',
256 silly mapToRegistry   scope: null,
256 silly mapToRegistry   escapedName: 'jsonp',
256 silly mapToRegistry   name: 'jsonp',
256 silly mapToRegistry   rawSpec: '',
256 silly mapToRegistry   spec: 'latest',
256 silly mapToRegistry   type: 'tag' }
257 silly mapToRegistry uri https://registry.npmjs.org/jsonp
258 verbose addNameRange registry:https://registry.npmjs.org/jsonp not in flight; fetching
259 silly resolveWithNewModule blueimp-md5@1.1.1 checking installable status
260 silly cache add args [ 'blueimp-md5@1.1.1', null ]
261 verbose cache add spec blueimp-md5@1.1.1
262 silly cache add parsed spec Result {
262 silly cache add   raw: 'blueimp-md5@1.1.1',
262 silly cache add   scope: null,
262 silly cache add   escapedName: 'blueimp-md5',
262 silly cache add   name: 'blueimp-md5',
262 silly cache add   rawSpec: '1.1.1',
262 silly cache add   spec: '1.1.1',
262 silly cache add   type: 'version' }
263 silly addNamed blueimp-md5@1.1.1
264 verbose addNamed "1.1.1" is a plain semver version for blueimp-md5
265 silly mapToRegistry name blueimp-md5
266 silly mapToRegistry using default registry
267 silly mapToRegistry registry https://registry.npmjs.org/
268 silly mapToRegistry data Result {
268 silly mapToRegistry   raw: 'blueimp-md5',
268 silly mapToRegistry   scope: null,
268 silly mapToRegistry   escapedName: 'blueimp-md5',
268 silly mapToRegistry   name: 'blueimp-md5',
268 silly mapToRegistry   rawSpec: '',
268 silly mapToRegistry   spec: 'latest',
268 silly mapToRegistry   type: 'tag' }
269 silly mapToRegistry uri https://registry.npmjs.org/blueimp-md5
270 verbose addNameVersion registry:https://registry.npmjs.org/blueimp-md5 not in flight; fetching
271 http 304 https://registry.npmjs.org/auth0-js
272 verbose headers { date: 'Tue, 09 Aug 2016 03:40:04 GMT',
272 verbose headers   via: '1.1 varnish',
272 verbose headers   'cache-control': 'max-age=300',
272 verbose headers   etag: '"78T810JHL0K3LBLEO0JR781HR"',
272 verbose headers   age: '134',
272 verbose headers   connection: 'keep-alive',
272 verbose headers   'x-served-by': 'cache-lhr6337-LHR',
272 verbose headers   'x-cache': 'HIT',
272 verbose headers   'x-cache-hits': '1',
272 verbose headers   'x-timer': 'S1470714004.762505,VS0,VE0',
272 verbose headers   vary: 'Accept-Encoding' }
273 silly get cb [ 304,
273 silly get   { date: 'Tue, 09 Aug 2016 03:40:04 GMT',
273 silly get     via: '1.1 varnish',
273 silly get     'cache-control': 'max-age=300',
273 silly get     etag: '"78T810JHL0K3LBLEO0JR781HR"',
273 silly get     age: '134',
273 silly get     connection: 'keep-alive',
273 silly get     'x-served-by': 'cache-lhr6337-LHR',
273 silly get     'x-cache': 'HIT',
273 silly get     'x-cache-hits': '1',
273 silly get     'x-timer': 'S1470714004.762505,VS0,VE0',
273 silly get     vary: 'Accept-Encoding' } ]
274 verbose etag https://registry.npmjs.org/auth0-js from cache
275 verbose get saving auth0-js to /home/mikias/.npm/registry.npmjs.org/auth0-js/.cache.json
276 verbose correctMkdir /home/mikias/.npm correctMkdir not in flight; initializing
277 verbose afterAdd /home/mikias/.npm/fbjs/0.3.2/package/package.json written
278 http 304 https://registry.npmjs.org/react-addons-css-transition-group
279 verbose headers { date: 'Tue, 09 Aug 2016 03:40:04 GMT',
279 verbose headers   via: '1.1 varnish',
279 verbose headers   'cache-control': 'max-age=300',
279 verbose headers   etag: '"372MI0VGXR31UT4260CUOEUF4"',
279 verbose headers   age: '171',
279 verbose headers   connection: 'keep-alive',
279 verbose headers   'x-served-by': 'cache-lhr6320-LHR',
279 verbose headers   'x-cache': 'HIT',
279 verbose headers   'x-cache-hits': '1',
279 verbose headers   'x-timer': 'S1470714004.772848,VS0,VE0',
279 verbose headers   vary: 'Accept-Encoding' }
280 silly get cb [ 304,
280 silly get   { date: 'Tue, 09 Aug 2016 03:40:04 GMT',
280 silly get     via: '1.1 varnish',
280 silly get     'cache-control': 'max-age=300',
280 silly get     etag: '"372MI0VGXR31UT4260CUOEUF4"',
280 silly get     age: '171',
280 silly get     connection: 'keep-alive',
280 silly get     'x-served-by': 'cache-lhr6320-LHR',
280 silly get     'x-cache': 'HIT',
280 silly get     'x-cache-hits': '1',
280 silly get     'x-timer': 'S1470714004.772848,VS0,VE0',
280 silly get     vary: 'Accept-Encoding' } ]
281 verbose etag https://registry.npmjs.org/react-addons-css-transition-group from cache
282 verbose get saving react-addons-css-transition-group to /home/mikias/.npm/registry.npmjs.org/react-addons-css-transition-group/.cache.json
283 verbose correctMkdir /home/mikias/.npm correctMkdir not in flight; initializing
284 verbose get https://registry.npmjs.org/jsonp not expired, no request
285 silly addNameRange number 2 { name: 'jsonp', range: '>=0.2.0 <0.3.0', hasData: true }
286 silly addNameRange versions [ 'jsonp',
286 silly addNameRange   [ '0.0.1', '0.0.2', '0.0.3', '0.0.4', '0.1.0', '0.2.0' ] ]
287 silly addNamed jsonp@0.2.0
288 verbose addNamed "0.2.0" is a plain semver version for jsonp
289 verbose get https://registry.npmjs.org/blueimp-md5 not expired, no request
290 silly resolveWithNewModule react@15.3.0 checking installable status
291 silly cache add args [ 'react@^15.0.0 || ^16.0.0', null ]
292 verbose cache add spec react@^15.0.0 || ^16.0.0
293 silly cache add parsed spec Result {
293 silly cache add   raw: 'react@^15.0.0 || ^16.0.0',
293 silly cache add   scope: null,
293 silly cache add   escapedName: 'react',
293 silly cache add   name: 'react',
293 silly cache add   rawSpec: '^15.0.0 || ^16.0.0',
293 silly cache add   spec: '>=15.0.0 <16.0.0||>=16.0.0 <17.0.0',
293 silly cache add   type: 'range' }
294 silly addNamed react@>=15.0.0 <16.0.0||>=16.0.0 <17.0.0
295 verbose addNamed ">=15.0.0 <16.0.0||>=16.0.0 <17.0.0" is a valid semver range for react
296 silly addNameRange { name: 'react',
296 silly addNameRange   range: '>=15.0.0 <16.0.0||>=16.0.0 <17.0.0',
296 silly addNameRange   hasData: false }
297 silly mapToRegistry name react
298 silly mapToRegistry using default registry
299 silly mapToRegistry registry https://registry.npmjs.org/
300 silly mapToRegistry data Result {
300 silly mapToRegistry   raw: 'react',
300 silly mapToRegistry   scope: null,
300 silly mapToRegistry   escapedName: 'react',
300 silly mapToRegistry   name: 'react',
300 silly mapToRegistry   rawSpec: '',
300 silly mapToRegistry   spec: 'latest',
300 silly mapToRegistry   type: 'tag' }
301 silly mapToRegistry uri https://registry.npmjs.org/react
302 verbose addNameRange registry:https://registry.npmjs.org/react not in flight; fetching
303 http 304 https://registry.npmjs.org/react-dom
304 verbose headers { date: 'Tue, 09 Aug 2016 03:40:04 GMT',
304 verbose headers   via: '1.1 varnish',
304 verbose headers   'cache-control': 'max-age=300',
304 verbose headers   etag: '"1E2IKPJ8I1L1L88JW6O2IP2E0"',
304 verbose headers   age: '171',
304 verbose headers   connection: 'keep-alive',
304 verbose headers   'x-served-by': 'cache-lhr6330-LHR',
304 verbose headers   'x-cache': 'HIT',
304 verbose headers   'x-cache-hits': '1',
304 verbose headers   'x-timer': 'S1470714004.776900,VS0,VE0',
304 verbose headers   vary: 'Accept-Encoding' }
305 silly get cb [ 304,
305 silly get   { date: 'Tue, 09 Aug 2016 03:40:04 GMT',
305 silly get     via: '1.1 varnish',
305 silly get     'cache-control': 'max-age=300',
305 silly get     etag: '"1E2IKPJ8I1L1L88JW6O2IP2E0"',
305 silly get     age: '171',
305 silly get     connection: 'keep-alive',
305 silly get     'x-served-by': 'cache-lhr6330-LHR',
305 silly get     'x-cache': 'HIT',
305 silly get     'x-cache-hits': '1',
305 silly get     'x-timer': 'S1470714004.776900,VS0,VE0',
305 silly get     vary: 'Accept-Encoding' } ]
306 verbose etag https://registry.npmjs.org/react-dom from cache
307 verbose get saving react-dom to /home/mikias/.npm/registry.npmjs.org/react-dom/.cache.json
308 verbose correctMkdir /home/mikias/.npm correctMkdir not in flight; initializing
309 http 304 https://registry.npmjs.org/react-addons-transition-group
310 verbose headers { date: 'Tue, 09 Aug 2016 03:40:04 GMT',
310 verbose headers   via: '1.1 varnish',
310 verbose headers   'cache-control': 'max-age=300',
310 verbose headers   etag: '"4J6TA15VB5I26DQOE7ITI6JSZ"',
310 verbose headers   age: '134',
310 verbose headers   connection: 'keep-alive',
310 verbose headers   'x-served-by': 'cache-lhr6321-LHR',
310 verbose headers   'x-cache': 'HIT',
310 verbose headers   'x-cache-hits': '1',
310 verbose headers   'x-timer': 'S1470714004.781101,VS0,VE0',
310 verbose headers   vary: 'Accept-Encoding' }
311 silly get cb [ 304,
311 silly get   { date: 'Tue, 09 Aug 2016 03:40:04 GMT',
311 silly get     via: '1.1 varnish',
311 silly get     'cache-control': 'max-age=300',
311 silly get     etag: '"4J6TA15VB5I26DQOE7ITI6JSZ"',
311 silly get     age: '134',
311 silly get     connection: 'keep-alive',
311 silly get     'x-served-by': 'cache-lhr6321-LHR',
311 silly get     'x-cache': 'HIT',
311 silly get     'x-cache-hits': '1',
311 silly get     'x-timer': 'S1470714004.781101,VS0,VE0',
311 silly get     vary: 'Accept-Encoding' } ]
312 verbose etag https://registry.npmjs.org/react-addons-transition-group from cache
313 verbose get saving react-addons-transition-group to /home/mikias/.npm/registry.npmjs.org/react-addons-transition-group/.cache.json
314 verbose correctMkdir /home/mikias/.npm correctMkdir not in flight; initializing
315 http 304 https://registry.npmjs.org/trim
316 verbose headers { date: 'Tue, 09 Aug 2016 03:40:04 GMT',
316 verbose headers   via: '1.1 varnish',
316 verbose headers   'cache-control': 'max-age=300',
316 verbose headers   etag: '"4CKNRNVGBG6N4Z55UV90NZ5MD"',
316 verbose headers   age: '134',
316 verbose headers   connection: 'keep-alive',
316 verbose headers   'x-served-by': 'cache-lhr6324-LHR',
316 verbose headers   'x-cache': 'HIT',
316 verbose headers   'x-cache-hits': '1',
316 verbose headers   'x-timer': 'S1470714004.790663,VS0,VE0',
316 verbose headers   vary: 'Accept-Encoding' }
317 silly get cb [ 304,
317 silly get   { date: 'Tue, 09 Aug 2016 03:40:04 GMT',
317 silly get     via: '1.1 varnish',
317 silly get     'cache-control': 'max-age=300',
317 silly get     etag: '"4CKNRNVGBG6N4Z55UV90NZ5MD"',
317 silly get     age: '134',
317 silly get     connection: 'keep-alive',
317 silly get     'x-served-by': 'cache-lhr6324-LHR',
317 silly get     'x-cache': 'HIT',
317 silly get     'x-cache-hits': '1',
317 silly get     'x-timer': 'S1470714004.790663,VS0,VE0',
317 silly get     vary: 'Accept-Encoding' } ]
318 verbose etag https://registry.npmjs.org/trim from cache
319 verbose get saving trim to /home/mikias/.npm/registry.npmjs.org/trim/.cache.json
320 verbose correctMkdir /home/mikias/.npm correctMkdir not in flight; initializing
321 silly resolveWithNewModule auth0-js@7.0.3 checking installable status
322 silly cache add args [ 'auth0-js@7.0.3', null ]
323 verbose cache add spec auth0-js@7.0.3
324 silly cache add parsed spec Result {
324 silly cache add   raw: 'auth0-js@7.0.3',
324 silly cache add   scope: null,
324 silly cache add   escapedName: 'auth0-js',
324 silly cache add   name: 'auth0-js',
324 silly cache add   rawSpec: '7.0.3',
324 silly cache add   spec: '7.0.3',
324 silly cache add   type: 'version' }
325 silly addNamed auth0-js@7.0.3
326 verbose addNamed "7.0.3" is a plain semver version for auth0-js
327 silly mapToRegistry name auth0-js
328 silly mapToRegistry using default registry
329 silly mapToRegistry registry https://registry.npmjs.org/
330 silly mapToRegistry data Result {
330 silly mapToRegistry   raw: 'auth0-js',
330 silly mapToRegistry   scope: null,
330 silly mapToRegistry   escapedName: 'auth0-js',
330 silly mapToRegistry   name: 'auth0-js',
330 silly mapToRegistry   rawSpec: '',
330 silly mapToRegistry   spec: 'latest',
330 silly mapToRegistry   type: 'tag' }
331 silly mapToRegistry uri https://registry.npmjs.org/auth0-js
332 verbose addNameVersion registry:https://registry.npmjs.org/auth0-js not in flight; fetching
333 silly cache afterAdd jsonp@0.2.0
334 verbose afterAdd /home/mikias/.npm/jsonp/0.2.0/package/package.json not in flight; writing
335 verbose correctMkdir /home/mikias/.npm correctMkdir not in flight; initializing
336 silly cache afterAdd blueimp-md5@1.1.1
337 verbose afterAdd /home/mikias/.npm/blueimp-md5/1.1.1/package/package.json not in flight; writing
338 verbose correctMkdir /home/mikias/.npm correctMkdir not in flight; initializing
339 verbose get https://registry.npmjs.org/react not expired, no request
340 silly addNameRange number 2 { name: 'react',
340 silly addNameRange   range: '>=15.0.0 <16.0.0||>=16.0.0 <17.0.0',
340 silly addNameRange   hasData: true }
341 silly addNameRange versions [ 'react',
341 silly addNameRange   [ '0.0.1',
341 silly addNameRange     '0.0.2',
341 silly addNameRange     '0.0.3',
341 silly addNameRange     '0.1.2',
341 silly addNameRange     '0.2.0',
341 silly addNameRange     '0.2.1',
341 silly addNameRange     '0.2.2',
341 silly addNameRange     '0.2.3',
341 silly addNameRange     '0.2.4',
341 silly addNameRange     '0.2.5',
341 silly addNameRange     '0.2.6',
341 silly addNameRange     '0.3.0',
341 silly addNameRange     '0.3.4',
341 silly addNameRange     '0.3.5',
341 silly addNameRange     '0.5.0',
341 silly addNameRange     '0.5.1',
341 silly addNameRange     '0.5.2',
341 silly addNameRange     '0.6.0',
341 silly addNameRange     '0.6.1',
341 silly addNameRange     '0.6.2',
341 silly addNameRange     '0.6.3',
341 silly addNameRange     '0.7.0',
341 silly addNameRange     '0.7.1',
341 silly addNameRange     '0.8.0',
341 silly addNameRange     '0.9.0-rc1',
341 silly addNameRange     '0.9.0',
341 silly addNameRange     '0.10.0-rc1',
341 silly addNameRange     '0.10.0',
341 silly addNameRange     '0.11.0-rc1',
341 silly addNameRange     '0.11.0',
341 silly addNameRange     '0.11.1',
341 silly addNameRange     '0.11.2',
341 silly addNameRange     '0.12.0-rc1',
341 silly addNameRange     '0.12.0',
341 silly addNameRange     '0.12.1',
341 silly addNameRange     '0.12.2',
341 silly addNameRange     '0.13.0-alpha.1',
341 silly addNameRange     '0.13.0-alpha.2',
341 silly addNameRange     '0.13.0-beta.1',
341 silly addNameRange     '0.13.0-beta.2',
341 silly addNameRange     '0.13.0-rc1',
341 silly addNameRange     '0.13.0-rc2',
341 silly addNameRange     '0.13.0',
341 silly addNameRange     '0.13.1',
341 silly addNameRange     '0.13.2',
341 silly addNameRange     '0.13.3',
341 silly addNameRange     '0.14.0-alpha1',
341 silly addNameRange     '0.14.0-alpha2',
341 silly addNameRange     '0.14.0-alpha3',
341 silly addNameRange     '0.14.0-beta1',
341 silly addNameRange     '0.14.0-beta2',
341 silly addNameRange     '0.14.0-beta3',
341 silly addNameRange     '0.14.0-rc1',
341 silly addNameRange     '0.14.0',
341 silly addNameRange     '0.14.1',
341 silly addNameRange     '0.14.2',
341 silly addNameRange     '0.14.3',
341 silly addNameRange     '0.14.4',
341 silly addNameRange     '0.14.5',
341 silly addNameRange     '0.14.6',
341 silly addNameRange     '0.15.0-alpha.1',
341 silly addNameRange     '0.14.7',
341 silly addNameRange     '15.0.0-rc.1',
341 silly addNameRange     '15.0.0-rc.2',
341 silly addNameRange     '0.14.8',
341 silly addNameRange     '15.0.0',
341 silly addNameRange     '15.0.1',
341 silly addNameRange     '15.0.2-alpha.1',
341 silly addNameRange     '15.0.2-alpha.2',
341 silly addNameRange     '15.0.2-alpha.3',
341 silly addNameRange     '15.0.2-alpha.4',
341 silly addNameRange     '15.0.2',
341 silly addNameRange     '15.0.3-alpha.1',
341 silly addNameRange     '15.0.3-alpha.2',
341 silly addNameRange     '15.1.0-alpha.1',
341 silly addNameRange     '15.1.0',
341 silly addNameRange     '15.2.0-rc.1',
341 silly addNameRange     '15.2.0-rc.2',
341 silly addNameRange     '15.2.0',
341 silly addNameRange     '15.2.1',
341 silly addNameRange     '15.3.0-rc.1',
341 silly addNameRange     '15.3.0-rc.2',
341 silly addNameRange     '15.3.0-rc.3',
341 silly addNameRange     '15.3.0' ] ]
342 silly addNamed react@15.3.0
343 verbose addNamed "15.3.0" is a plain semver version for react
344 silly resolveWithNewModule react-addons-css-transition-group@15.3.0 checking installable status
345 silly cache add args [ 'react-addons-css-transition-group@^15.0.0 || ^16.0.0', null ]
346 verbose cache add spec react-addons-css-transition-group@^15.0.0 || ^16.0.0
347 silly cache add parsed spec Result {
347 silly cache add   raw: 'react-addons-css-transition-group@^15.0.0 || ^16.0.0',
347 silly cache add   scope: null,
347 silly cache add   escapedName: 'react-addons-css-transition-group',
347 silly cache add   name: 'react-addons-css-transition-group',
347 silly cache add   rawSpec: '^15.0.0 || ^16.0.0',
347 silly cache add   spec: '>=15.0.0 <16.0.0||>=16.0.0 <17.0.0',
347 silly cache add   type: 'range' }
348 silly addNamed react-addons-css-transition-group@>=15.0.0 <16.0.0||>=16.0.0 <17.0.0
349 verbose addNamed ">=15.0.0 <16.0.0||>=16.0.0 <17.0.0" is a valid semver range for react-addons-css-transition-group
350 silly addNameRange { name: 'react-addons-css-transition-group',
350 silly addNameRange   range: '>=15.0.0 <16.0.0||>=16.0.0 <17.0.0',
350 silly addNameRange   hasData: false }
351 silly mapToRegistry name react-addons-css-transition-group
352 silly mapToRegistry using default registry
353 silly mapToRegistry registry https://registry.npmjs.org/
354 silly mapToRegistry data Result {
354 silly mapToRegistry   raw: 'react-addons-css-transition-group',
354 silly mapToRegistry   scope: null,
354 silly mapToRegistry   escapedName: 'react-addons-css-transition-group',
354 silly mapToRegistry   name: 'react-addons-css-transition-group',
354 silly mapToRegistry   rawSpec: '',
354 silly mapToRegistry   spec: 'latest',
354 silly mapToRegistry   type: 'tag' }
355 silly mapToRegistry uri https://registry.npmjs.org/react-addons-css-transition-group
356 verbose addNameRange registry:https://registry.npmjs.org/react-addons-css-transition-group not in flight; fetching
357 silly resolveWithNewModule react-dom@15.3.0 checking installable status
358 silly cache add args [ 'react-dom@^15.0.0 || ^16.0.0', null ]
359 verbose cache add spec react-dom@^15.0.0 || ^16.0.0
360 silly cache add parsed spec Result {
360 silly cache add   raw: 'react-dom@^15.0.0 || ^16.0.0',
360 silly cache add   scope: null,
360 silly cache add   escapedName: 'react-dom',
360 silly cache add   name: 'react-dom',
360 silly cache add   rawSpec: '^15.0.0 || ^16.0.0',
360 silly cache add   spec: '>=15.0.0 <16.0.0||>=16.0.0 <17.0.0',
360 silly cache add   type: 'range' }
361 silly addNamed react-dom@>=15.0.0 <16.0.0||>=16.0.0 <17.0.0
362 verbose addNamed ">=15.0.0 <16.0.0||>=16.0.0 <17.0.0" is a valid semver range for react-dom
363 silly addNameRange { name: 'react-dom',
363 silly addNameRange   range: '>=15.0.0 <16.0.0||>=16.0.0 <17.0.0',
363 silly addNameRange   hasData: false }
364 silly mapToRegistry name react-dom
365 silly mapToRegistry using default registry
366 silly mapToRegistry registry https://registry.npmjs.org/
367 silly mapToRegistry data Result {
367 silly mapToRegistry   raw: 'react-dom',
367 silly mapToRegistry   scope: null,
367 silly mapToRegistry   escapedName: 'react-dom',
367 silly mapToRegistry   name: 'react-dom',
367 silly mapToRegistry   rawSpec: '',
367 silly mapToRegistry   spec: 'latest',
367 silly mapToRegistry   type: 'tag' }
368 silly mapToRegistry uri https://registry.npmjs.org/react-dom
369 verbose addNameRange registry:https://registry.npmjs.org/react-dom not in flight; fetching
370 verbose get https://registry.npmjs.org/auth0-js not expired, no request
371 silly resolveWithNewModule react-addons-transition-group@15.3.0 checking installable status
372 silly cache add args [ 'react-addons-transition-group@^15.0.0 || ^16.0.0', null ]
373 verbose cache add spec react-addons-transition-group@^15.0.0 || ^16.0.0
374 silly cache add parsed spec Result {
374 silly cache add   raw: 'react-addons-transition-group@^15.0.0 || ^16.0.0',
374 silly cache add   scope: null,
374 silly cache add   escapedName: 'react-addons-transition-group',
374 silly cache add   name: 'react-addons-transition-group',
374 silly cache add   rawSpec: '^15.0.0 || ^16.0.0',
374 silly cache add   spec: '>=15.0.0 <16.0.0||>=16.0.0 <17.0.0',
374 silly cache add   type: 'range' }
375 silly addNamed react-addons-transition-group@>=15.0.0 <16.0.0||>=16.0.0 <17.0.0
376 verbose addNamed ">=15.0.0 <16.0.0||>=16.0.0 <17.0.0" is a valid semver range for react-addons-transition-group
377 silly addNameRange { name: 'react-addons-transition-group',
377 silly addNameRange   range: '>=15.0.0 <16.0.0||>=16.0.0 <17.0.0',
377 silly addNameRange   hasData: false }
378 silly mapToRegistry name react-addons-transition-group
379 silly mapToRegistry using default registry
380 silly mapToRegistry registry https://registry.npmjs.org/
381 silly mapToRegistry data Result {
381 silly mapToRegistry   raw: 'react-addons-transition-group',
381 silly mapToRegistry   scope: null,
381 silly mapToRegistry   escapedName: 'react-addons-transition-group',
381 silly mapToRegistry   name: 'react-addons-transition-group',
381 silly mapToRegistry   rawSpec: '',
381 silly mapToRegistry   spec: 'latest',
381 silly mapToRegistry   type: 'tag' }
382 silly mapToRegistry uri https://registry.npmjs.org/react-addons-transition-group
383 verbose addNameRange registry:https://registry.npmjs.org/react-addons-transition-group not in flight; fetching
384 silly resolveWithNewModule trim@0.0.1 checking installable status
385 silly cache add args [ 'trim@0.0.1', null ]
386 verbose cache add spec trim@0.0.1
387 silly cache add parsed spec Result {
387 silly cache add   raw: 'trim@0.0.1',
387 silly cache add   scope: null,
387 silly cache add   escapedName: 'trim',
387 silly cache add   name: 'trim',
387 silly cache add   rawSpec: '0.0.1',
387 silly cache add   spec: '0.0.1',
387 silly cache add   type: 'version' }
388 silly addNamed trim@0.0.1
389 verbose addNamed "0.0.1" is a plain semver version for trim
390 silly mapToRegistry name trim
391 silly mapToRegistry using default registry
392 silly mapToRegistry registry https://registry.npmjs.org/
393 silly mapToRegistry data Result {
393 silly mapToRegistry   raw: 'trim',
393 silly mapToRegistry   scope: null,
393 silly mapToRegistry   escapedName: 'trim',
393 silly mapToRegistry   name: 'trim',
393 silly mapToRegistry   rawSpec: '',
393 silly mapToRegistry   spec: 'latest',
393 silly mapToRegistry   type: 'tag' }
394 silly mapToRegistry uri https://registry.npmjs.org/trim
395 verbose addNameVersion registry:https://registry.npmjs.org/trim not in flight; fetching
396 verbose afterAdd /home/mikias/.npm/blueimp-md5/1.1.1/package/package.json written
397 verbose afterAdd /home/mikias/.npm/jsonp/0.2.0/package/package.json written
398 silly cache afterAdd react@15.3.0
399 verbose afterAdd /home/mikias/.npm/react/15.3.0/package/package.json not in flight; writing
400 verbose correctMkdir /home/mikias/.npm correctMkdir not in flight; initializing
401 verbose get https://registry.npmjs.org/react-addons-css-transition-group not expired, no request
402 silly addNameRange number 2 { name: 'react-addons-css-transition-group',
402 silly addNameRange   range: '>=15.0.0 <16.0.0||>=16.0.0 <17.0.0',
402 silly addNameRange   hasData: true }
403 silly addNameRange versions [ 'react-addons-css-transition-group',
403 silly addNameRange   [ '0.14.0-beta1',
403 silly addNameRange     '0.14.0-beta2',
403 silly addNameRange     '0.14.0-beta3',
403 silly addNameRange     '0.14.0-rc1',
403 silly addNameRange     '0.14.0',
403 silly addNameRange     '0.14.1',
403 silly addNameRange     '0.14.2',
403 silly addNameRange     '0.14.3',
403 silly addNameRange     '0.14.4',
403 silly addNameRange     '0.14.5',
403 silly addNameRange     '0.14.6',
403 silly addNameRange     '0.15.0-alpha.1',
403 silly addNameRange     '0.14.7',
403 silly addNameRange     '15.0.0-rc.1',
403 silly addNameRange     '15.0.0-rc.2',
403 silly addNameRange     '0.14.8',
403 silly addNameRange     '15.0.0',
403 silly addNameRange     '15.0.1',
403 silly addNameRange     '15.0.2-alpha.1',
403 silly addNameRange     '15.0.2-alpha.2',
403 silly addNameRange     '15.0.2-alpha.3',
403 silly addNameRange     '15.0.2-alpha.4',
403 silly addNameRange     '15.0.2',
403 silly addNameRange     '15.0.3-alpha.1',
403 silly addNameRange     '15.0.3-alpha.2',
403 silly addNameRange     '15.1.0-alpha.1',
403 silly addNameRange     '15.1.0',
403 silly addNameRange     '15.2.0-rc.1',
403 silly addNameRange     '15.2.0-rc.2',
403 silly addNameRange     '15.2.0',
403 silly addNameRange     '15.2.1',
403 silly addNameRange     '15.3.0-rc.1',
403 silly addNameRange     '15.3.0-rc.2',
403 silly addNameRange     '15.3.0-rc.3',
403 silly addNameRange     '15.3.0' ] ]
404 silly addNamed react-addons-css-transition-group@15.3.0
405 verbose addNamed "15.3.0" is a plain semver version for react-addons-css-transition-group
406 verbose get https://registry.npmjs.org/react-dom not expired, no request
407 silly addNameRange number 2 { name: 'react-dom',
407 silly addNameRange   range: '>=15.0.0 <16.0.0||>=16.0.0 <17.0.0',
407 silly addNameRange   hasData: true }
408 silly addNameRange versions [ 'react-dom',
408 silly addNameRange   [ '0.1.0',
408 silly addNameRange     '0.14.0-beta1',
408 silly addNameRange     '0.14.0-beta2',
408 silly addNameRange     '0.14.0-beta3',
408 silly addNameRange     '0.14.0-rc1',
408 silly addNameRange     '0.14.0',
408 silly addNameRange     '0.14.1',
408 silly addNameRange     '0.14.2',
408 silly addNameRange     '0.14.3',
408 silly addNameRange     '0.14.4',
408 silly addNameRange     '0.14.5',
408 silly addNameRange     '0.14.6',
408 silly addNameRange     '0.15.0-alpha.1',
408 silly addNameRange     '0.14.7',
408 silly addNameRange     '15.0.0-rc.1',
408 silly addNameRange     '15.0.0-rc.2',
408 silly addNameRange     '0.14.8',
408 silly addNameRange     '15.0.0',
408 silly addNameRange     '15.0.1',
408 silly addNameRange     '15.0.2-alpha.1',
408 silly addNameRange     '15.0.2-alpha.2',
408 silly addNameRange     '15.0.2-alpha.3',
408 silly addNameRange     '15.0.2-alpha.4',
408 silly addNameRange     '15.0.2',
408 silly addNameRange     '15.0.3-alpha.1',
408 silly addNameRange     '15.0.3-alpha.2',
408 silly addNameRange     '15.1.0-alpha.1',
408 silly addNameRange     '15.1.0',
408 silly addNameRange     '15.2.0-rc.1',
408 silly addNameRange     '15.2.0-rc.2',
408 silly addNameRange     '15.2.0',
408 silly addNameRange     '15.2.1',
408 silly addNameRange     '15.3.0-rc.1',
408 silly addNameRange     '15.3.0-rc.2',
408 silly addNameRange     '15.3.0-rc.3',
408 silly addNameRange     '15.3.0' ] ]
409 silly addNamed react-dom@15.3.0
410 verbose addNamed "15.3.0" is a plain semver version for react-dom
411 verbose get https://registry.npmjs.org/react-addons-transition-group not expired, no request
412 silly addNameRange number 2 { name: 'react-addons-transition-group',
412 silly addNameRange   range: '>=15.0.0 <16.0.0||>=16.0.0 <17.0.0',
412 silly addNameRange   hasData: true }
413 silly addNameRange versions [ 'react-addons-transition-group',
413 silly addNameRange   [ '0.14.0-beta1',
413 silly addNameRange     '0.14.0-beta2',
413 silly addNameRange     '0.14.0-beta3',
413 silly addNameRange     '0.14.0-rc1',
413 silly addNameRange     '0.14.0',
413 silly addNameRange     '0.14.1',
413 silly addNameRange     '0.14.2',
413 silly addNameRange     '0.14.3',
413 silly addNameRange     '0.14.4',
413 silly addNameRange     '0.14.5',
413 silly addNameRange     '0.14.6',
413 silly addNameRange     '0.15.0-alpha.1',
413 silly addNameRange     '0.14.7',
413 silly addNameRange     '15.0.0-rc.1',
413 silly addNameRange     '15.0.0-rc.2',
413 silly addNameRange     '0.14.8',
413 silly addNameRange     '15.0.0',
413 silly addNameRange     '15.0.1',
413 silly addNameRange     '15.0.2-alpha.1',
413 silly addNameRange     '15.0.2-alpha.2',
413 silly addNameRange     '15.0.2-alpha.3',
413 silly addNameRange     '15.0.2-alpha.4',
413 silly addNameRange     '15.0.2',
413 silly addNameRange     '15.0.3-alpha.1',
413 silly addNameRange     '15.0.3-alpha.2',
413 silly addNameRange     '15.1.0-alpha.1',
413 silly addNameRange     '15.1.0',
413 silly addNameRange     '15.2.0-rc.1',
413 silly addNameRange     '15.2.0-rc.2',
413 silly addNameRange     '15.2.0',
413 silly addNameRange     '15.2.1',
413 silly addNameRange     '15.3.0-rc.1',
413 silly addNameRange     '15.3.0-rc.2',
413 silly addNameRange     '15.3.0-rc.3',
413 silly addNameRange     '15.3.0' ] ]
414 silly addNamed react-addons-transition-group@15.3.0
415 verbose addNamed "15.3.0" is a plain semver version for react-addons-transition-group
416 verbose get https://registry.npmjs.org/trim not expired, no request
417 silly cache afterAdd auth0-js@7.0.3
418 verbose afterAdd /home/mikias/.npm/auth0-js/7.0.3/package/package.json not in flight; writing
419 verbose correctMkdir /home/mikias/.npm correctMkdir not in flight; initializing
420 verbose afterAdd /home/mikias/.npm/react/15.3.0/package/package.json written
421 silly cache afterAdd react-addons-css-transition-group@15.3.0
422 verbose afterAdd /home/mikias/.npm/react-addons-css-transition-group/15.3.0/package/package.json not in flight; writing
423 verbose correctMkdir /home/mikias/.npm correctMkdir not in flight; initializing
424 silly cache afterAdd react-dom@15.3.0
425 verbose afterAdd /home/mikias/.npm/react-dom/15.3.0/package/package.json not in flight; writing
426 verbose correctMkdir /home/mikias/.npm correctMkdir not in flight; initializing
427 silly cache afterAdd trim@0.0.1
428 verbose afterAdd /home/mikias/.npm/trim/0.0.1/package/package.json not in flight; writing
429 verbose correctMkdir /home/mikias/.npm correctMkdir not in flight; initializing
430 silly cache afterAdd react-addons-transition-group@15.3.0
431 verbose afterAdd /home/mikias/.npm/react-addons-transition-group/15.3.0/package/package.json not in flight; writing
432 verbose correctMkdir /home/mikias/.npm correctMkdir not in flight; initializing
433 verbose afterAdd /home/mikias/.npm/auth0-js/7.0.3/package/package.json written
434 verbose afterAdd /home/mikias/.npm/react-addons-css-transition-group/15.3.0/package/package.json written
435 verbose afterAdd /home/mikias/.npm/react-dom/15.3.0/package/package.json written
436 verbose afterAdd /home/mikias/.npm/trim/0.0.1/package/package.json written
437 verbose afterAdd /home/mikias/.npm/react-addons-transition-group/15.3.0/package/package.json written
438 silly fetchNamedPackageData Base64
439 silly mapToRegistry name Base64
440 silly mapToRegistry using default registry
441 silly mapToRegistry registry https://registry.npmjs.org/
442 silly mapToRegistry data Result {
442 silly mapToRegistry   raw: 'Base64',
442 silly mapToRegistry   scope: null,
442 silly mapToRegistry   escapedName: 'Base64',
442 silly mapToRegistry   name: 'Base64',
442 silly mapToRegistry   rawSpec: '',
442 silly mapToRegistry   spec: 'latest',
442 silly mapToRegistry   type: 'tag' }
443 silly mapToRegistry uri https://registry.npmjs.org/Base64
444 silly fetchNamedPackageData json-fallback
445 silly mapToRegistry name json-fallback
446 silly mapToRegistry using default registry
447 silly mapToRegistry registry https://registry.npmjs.org/
448 silly mapToRegistry data Result {
448 silly mapToRegistry   raw: 'json-fallback',
448 silly mapToRegistry   scope: null,
448 silly mapToRegistry   escapedName: 'json-fallback',
448 silly mapToRegistry   name: 'json-fallback',
448 silly mapToRegistry   rawSpec: '',
448 silly mapToRegistry   spec: 'latest',
448 silly mapToRegistry   type: 'tag' }
449 silly mapToRegistry uri https://registry.npmjs.org/json-fallback
450 silly fetchNamedPackageData jsonp
451 silly mapToRegistry name jsonp
452 silly mapToRegistry using default registry
453 silly mapToRegistry registry https://registry.npmjs.org/
454 silly mapToRegistry data Result {
454 silly mapToRegistry   raw: 'jsonp',
454 silly mapToRegistry   scope: null,
454 silly mapToRegistry   escapedName: 'jsonp',
454 silly mapToRegistry   name: 'jsonp',
454 silly mapToRegistry   rawSpec: '',
454 silly mapToRegistry   spec: 'latest',
454 silly mapToRegistry   type: 'tag' }
455 silly mapToRegistry uri https://registry.npmjs.org/jsonp
456 silly resolveWithNewModule jsonp@0.0.4 checking installable status
457 silly cache add args [ 'jsonp@~0.0.4', null ]
458 verbose cache add spec jsonp@~0.0.4
459 silly fetchNamedPackageData reqwest
460 silly mapToRegistry name reqwest
461 silly mapToRegistry using default registry
462 silly mapToRegistry registry https://registry.npmjs.org/
463 silly mapToRegistry data Result {
463 silly mapToRegistry   raw: 'reqwest',
463 silly mapToRegistry   scope: null,
463 silly mapToRegistry   escapedName: 'reqwest',
463 silly mapToRegistry   name: 'reqwest',
463 silly mapToRegistry   rawSpec: '',
463 silly mapToRegistry   spec: 'latest',
463 silly mapToRegistry   type: 'tag' }
464 silly mapToRegistry uri https://registry.npmjs.org/reqwest
465 silly fetchNamedPackageData winchan
466 silly mapToRegistry name winchan
467 silly mapToRegistry using default registry
468 silly mapToRegistry registry https://registry.npmjs.org/
469 silly mapToRegistry data Result {
469 silly mapToRegistry   raw: 'winchan',
469 silly mapToRegistry   scope: null,
469 silly mapToRegistry   escapedName: 'winchan',
469 silly mapToRegistry   name: 'winchan',
469 silly mapToRegistry   rawSpec: '',
469 silly mapToRegistry   spec: 'latest',
469 silly mapToRegistry   type: 'tag' }
470 silly mapToRegistry uri https://registry.npmjs.org/winchan
471 silly fetchNamedPackageData xtend
472 silly mapToRegistry name xtend
473 silly mapToRegistry using default registry
474 silly mapToRegistry registry https://registry.npmjs.org/
475 silly mapToRegistry data Result {
475 silly mapToRegistry   raw: 'xtend',
475 silly mapToRegistry   scope: null,
475 silly mapToRegistry   escapedName: 'xtend',
475 silly mapToRegistry   name: 'xtend',
475 silly mapToRegistry   rawSpec: '',
475 silly mapToRegistry   spec: 'latest',
475 silly mapToRegistry   type: 'tag' }
476 silly mapToRegistry uri https://registry.npmjs.org/xtend
477 silly cache add parsed spec Result {
477 silly cache add   raw: 'jsonp@~0.0.4',
477 silly cache add   scope: null,
477 silly cache add   escapedName: 'jsonp',
477 silly cache add   name: 'jsonp',
477 silly cache add   rawSpec: '~0.0.4',
477 silly cache add   spec: '>=0.0.4 <0.1.0',
477 silly cache add   type: 'range' }
478 silly addNamed jsonp@>=0.0.4 <0.1.0
479 verbose addNamed ">=0.0.4 <0.1.0" is a valid semver range for jsonp
480 silly addNameRange { name: 'jsonp', range: '>=0.0.4 <0.1.0', hasData: false }
481 silly mapToRegistry name jsonp
482 silly mapToRegistry using default registry
483 silly mapToRegistry registry https://registry.npmjs.org/
484 silly mapToRegistry data Result {
484 silly mapToRegistry   raw: 'jsonp',
484 silly mapToRegistry   scope: null,
484 silly mapToRegistry   escapedName: 'jsonp',
484 silly mapToRegistry   name: 'jsonp',
484 silly mapToRegistry   rawSpec: '',
484 silly mapToRegistry   spec: 'latest',
484 silly mapToRegistry   type: 'tag' }
485 silly mapToRegistry uri https://registry.npmjs.org/jsonp
486 verbose addNameRange registry:https://registry.npmjs.org/jsonp not in flight; fetching
487 silly fetchOtherPackageData qs@git+https://github.com/jfromaniello/node-querystring.git#fix_ie7_bug_with_arrays
488 silly cache add args [ 'qs@git+https://github.com/jfromaniello/node-querystring.git#fix_ie7_bug_with_arrays',
488 silly cache add   null ]
489 verbose cache add spec qs@git+https://github.com/jfromaniello/node-querystring.git#fix_ie7_bug_with_arrays
490 silly cache add parsed spec Result {
490 silly cache add   raw: 'qs@git+https://github.com/jfromaniello/node-querystring.git#fix_ie7_bug_with_arrays',
490 silly cache add   scope: null,
490 silly cache add   escapedName: 'qs',
490 silly cache add   name: 'qs',
490 silly cache add   rawSpec: 'git+https://github.com/jfromaniello/node-querystring.git#fix_ie7_bug_with_arrays',
490 silly cache add   spec: 'git+https://github.com/jfromaniello/node-querystring.git#fix_ie7_bug_with_arrays',
490 silly cache add   type: 'hosted',
490 silly cache add   hosted:
490 silly cache add    { type: 'github',
490 silly cache add      ssh: 'git@github.com:jfromaniello/node-querystring.git#fix_ie7_bug_with_arrays',
490 silly cache add      sshUrl: 'git+ssh://git@github.com/jfromaniello/node-querystring.git#fix_ie7_bug_with_arrays',
490 silly cache add      httpsUrl: 'git+https://github.com/jfromaniello/node-querystring.git#fix_ie7_bug_with_arrays',
490 silly cache add      gitUrl: 'git://github.com/jfromaniello/node-querystring.git#fix_ie7_bug_with_arrays',
490 silly cache add      shortcut: 'github:jfromaniello/node-querystring#fix_ie7_bug_with_arrays',
490 silly cache add      directUrl: 'https://raw.githubusercontent.com/jfromaniello/node-querystring/fix_ie7_bug_with_arrays/package.json' } }
491 verbose addRemoteGit caching git+https://github.com/jfromaniello/node-querystring.git#fix_ie7_bug_with_arrays
492 verbose addRemoteGit git+https://github.com/jfromaniello/node-querystring.git#fix_ie7_bug_with_arrays is a repository hosted by github
493 silly tryClone cloning git+https://github.com/jfromaniello/node-querystring.git#fix_ie7_bug_with_arrays via git+https://github.com/jfromaniello/node-querystring.git#fix_ie7_bug_with_arrays
494 verbose tryClone git-https-github-com-jfromaniello-node-querystring-git-fix-ie7-bug-with-arrays-bf85daad not in flight; caching
495 verbose correctMkdir /home/mikias/.npm/_git-remotes correctMkdir not in flight; initializing
496 verbose request uri https://registry.npmjs.org/Base64
497 verbose request no auth needed
498 info attempt registry request try #1 at 6:40:05 AM
499 verbose etag "EL4DQOCZ74V9RPTL8XUHWYK8P"
500 http request GET https://registry.npmjs.org/Base64
501 verbose request uri https://registry.npmjs.org/json-fallback
502 verbose request no auth needed
503 info attempt registry request try #1 at 6:40:05 AM
504 verbose etag "6A5KL12F5RD9ZKAPCG4UNCDJH"
505 http request GET https://registry.npmjs.org/json-fallback
506 verbose request uri https://registry.npmjs.org/winchan
507 verbose request no auth needed
508 info attempt registry request try #1 at 6:40:05 AM
509 verbose etag "1MWXNM1VI5E2VHD5XOIA6PYZO"
510 http request GET https://registry.npmjs.org/winchan
511 verbose request uri https://registry.npmjs.org/reqwest
512 verbose request no auth needed
513 info attempt registry request try #1 at 6:40:05 AM
514 verbose etag "AU2N3XL8R1BQ79O6J2WFOEU1B"
515 http request GET https://registry.npmjs.org/reqwest
516 verbose request uri https://registry.npmjs.org/xtend
517 verbose request no auth needed
518 info attempt registry request try #1 at 6:40:05 AM
519 verbose etag "3A8QE0J17ULRJ9ERTGGBNQG71"
520 http request GET https://registry.npmjs.org/xtend
521 verbose get https://registry.npmjs.org/jsonp not expired, no request
522 silly addNameRange number 2 { name: 'jsonp', range: '>=0.0.4 <0.1.0', hasData: true }
523 silly addNameRange versions [ 'jsonp',
523 silly addNameRange   [ '0.0.1', '0.0.2', '0.0.3', '0.0.4', '0.1.0', '0.2.0' ] ]
524 silly addNamed jsonp@0.0.4
525 verbose addNamed "0.0.4" is a plain semver version for jsonp
526 silly cache afterAdd jsonp@0.0.4
527 verbose afterAdd /home/mikias/.npm/jsonp/0.0.4/package/package.json not in flight; writing
528 verbose correctMkdir /home/mikias/.npm correctMkdir not in flight; initializing
529 verbose afterAdd /home/mikias/.npm/jsonp/0.0.4/package/package.json written
530 info git [ 'clone',
530 info git   '--template=/home/mikias/.npm/_git-remotes/_templates',
530 info git   '--mirror',
530 info git   'https://github.com/jfromaniello/node-querystring.git',
530 info git   '/home/mikias/.npm/_git-remotes/git-https-github-com-jfromaniello-node-querystring-git-fix-ie7-bug-with-arrays-bf85daad' ]
531 http 304 https://registry.npmjs.org/Base64
532 verbose headers { date: 'Tue, 09 Aug 2016 03:40:05 GMT',
532 verbose headers   via: '1.1 varnish',
532 verbose headers   'cache-control': 'max-age=300',
532 verbose headers   etag: '"EL4DQOCZ74V9RPTL8XUHWYK8P"',
532 verbose headers   age: '21',
532 verbose headers   connection: 'keep-alive',
532 verbose headers   'x-served-by': 'cache-lhr6325-LHR',
532 verbose headers   'x-cache': 'HIT',
532 verbose headers   'x-cache-hits': '1',
532 verbose headers   'x-timer': 'S1470714005.583064,VS0,VE0',
532 verbose headers   vary: 'Accept-Encoding' }
533 silly get cb [ 304,
533 silly get   { date: 'Tue, 09 Aug 2016 03:40:05 GMT',
533 silly get     via: '1.1 varnish',
533 silly get     'cache-control': 'max-age=300',
533 silly get     etag: '"EL4DQOCZ74V9RPTL8XUHWYK8P"',
533 silly get     age: '21',
533 silly get     connection: 'keep-alive',
533 silly get     'x-served-by': 'cache-lhr6325-LHR',
533 silly get     'x-cache': 'HIT',
533 silly get     'x-cache-hits': '1',
533 silly get     'x-timer': 'S1470714005.583064,VS0,VE0',
533 silly get     vary: 'Accept-Encoding' } ]
534 verbose etag https://registry.npmjs.org/Base64 from cache
535 verbose get saving Base64 to /home/mikias/.npm/registry.npmjs.org/Base64/.cache.json
536 verbose correctMkdir /home/mikias/.npm correctMkdir not in flight; initializing
537 http 304 https://registry.npmjs.org/json-fallback
538 verbose headers { date: 'Tue, 09 Aug 2016 03:40:05 GMT',
538 verbose headers   via: '1.1 varnish',
538 verbose headers   'cache-control': 'max-age=300',
538 verbose headers   etag: '"6A5KL12F5RD9ZKAPCG4UNCDJH"',
538 verbose headers   age: '134',
538 verbose headers   connection: 'keep-alive',
538 verbose headers   'x-served-by': 'cache-lhr6325-LHR',
538 verbose headers   'x-cache': 'HIT',
538 verbose headers   'x-cache-hits': '1',
538 verbose headers   'x-timer': 'S1470714005.586728,VS0,VE0',
538 verbose headers   vary: 'Accept-Encoding' }
539 silly get cb [ 304,
539 silly get   { date: 'Tue, 09 Aug 2016 03:40:05 GMT',
539 silly get     via: '1.1 varnish',
539 silly get     'cache-control': 'max-age=300',
539 silly get     etag: '"6A5KL12F5RD9ZKAPCG4UNCDJH"',
539 silly get     age: '134',
539 silly get     connection: 'keep-alive',
539 silly get     'x-served-by': 'cache-lhr6325-LHR',
539 silly get     'x-cache': 'HIT',
539 silly get     'x-cache-hits': '1',
539 silly get     'x-timer': 'S1470714005.586728,VS0,VE0',
539 silly get     vary: 'Accept-Encoding' } ]
540 verbose etag https://registry.npmjs.org/json-fallback from cache
541 verbose get saving json-fallback to /home/mikias/.npm/registry.npmjs.org/json-fallback/.cache.json
542 verbose correctMkdir /home/mikias/.npm correctMkdir not in flight; initializing
543 http 304 https://registry.npmjs.org/winchan
544 verbose headers { date: 'Tue, 09 Aug 2016 03:40:05 GMT',
544 verbose headers   via: '1.1 varnish',
544 verbose headers   'cache-control': 'max-age=300',
544 verbose headers   etag: '"1MWXNM1VI5E2VHD5XOIA6PYZO"',
544 verbose headers   age: '134',
544 verbose headers   connection: 'keep-alive',
544 verbose headers   'x-served-by': 'cache-lhr6327-LHR',
544 verbose headers   'x-cache': 'HIT',
544 verbose headers   'x-cache-hits': '1',
544 verbose headers   'x-timer': 'S1470714005.594964,VS0,VE0',
544 verbose headers   vary: 'Accept-Encoding' }
545 silly get cb [ 304,
545 silly get   { date: 'Tue, 09 Aug 2016 03:40:05 GMT',
545 silly get     via: '1.1 varnish',
545 silly get     'cache-control': 'max-age=300',
545 silly get     etag: '"1MWXNM1VI5E2VHD5XOIA6PYZO"',
545 silly get     age: '134',
545 silly get     connection: 'keep-alive',
545 silly get     'x-served-by': 'cache-lhr6327-LHR',
545 silly get     'x-cache': 'HIT',
545 silly get     'x-cache-hits': '1',
545 silly get     'x-timer': 'S1470714005.594964,VS0,VE0',
545 silly get     vary: 'Accept-Encoding' } ]
546 verbose etag https://registry.npmjs.org/winchan from cache
547 verbose get saving winchan to /home/mikias/.npm/registry.npmjs.org/winchan/.cache.json
548 verbose correctMkdir /home/mikias/.npm correctMkdir not in flight; initializing
549 silly resolveWithNewModule Base64@0.1.4 checking installable status
550 silly cache add args [ 'Base64@~0.1.3', null ]
551 verbose cache add spec Base64@~0.1.3
552 silly cache add parsed spec Result {
552 silly cache add   raw: 'Base64@~0.1.3',
552 silly cache add   scope: null,
552 silly cache add   escapedName: 'Base64',
552 silly cache add   name: 'Base64',
552 silly cache add   rawSpec: '~0.1.3',
552 silly cache add   spec: '>=0.1.3 <0.2.0',
552 silly cache add   type: 'range' }
553 silly addNamed Base64@>=0.1.3 <0.2.0
554 verbose addNamed ">=0.1.3 <0.2.0" is a valid semver range for Base64
555 silly addNameRange { name: 'Base64', range: '>=0.1.3 <0.2.0', hasData: false }
556 silly mapToRegistry name Base64
557 silly mapToRegistry using default registry
558 silly mapToRegistry registry https://registry.npmjs.org/
559 silly mapToRegistry data Result {
559 silly mapToRegistry   raw: 'Base64',
559 silly mapToRegistry   scope: null,
559 silly mapToRegistry   escapedName: 'Base64',
559 silly mapToRegistry   name: 'Base64',
559 silly mapToRegistry   rawSpec: '',
559 silly mapToRegistry   spec: 'latest',
559 silly mapToRegistry   type: 'tag' }
560 silly mapToRegistry uri https://registry.npmjs.org/Base64
561 verbose addNameRange registry:https://registry.npmjs.org/Base64 not in flight; fetching
562 silly resolveWithNewModule json-fallback@0.0.1 checking installable status
563 silly cache add args [ 'json-fallback@0.0.1', null ]
564 verbose cache add spec json-fallback@0.0.1
565 silly cache add parsed spec Result {
565 silly cache add   raw: 'json-fallback@0.0.1',
565 silly cache add   scope: null,
565 silly cache add   escapedName: 'json-fallback',
565 silly cache add   name: 'json-fallback',
565 silly cache add   rawSpec: '0.0.1',
565 silly cache add   spec: '0.0.1',
565 silly cache add   type: 'version' }
566 silly addNamed json-fallback@0.0.1
567 verbose addNamed "0.0.1" is a plain semver version for json-fallback
568 silly mapToRegistry name json-fallback
569 silly mapToRegistry using default registry
570 silly mapToRegistry registry https://registry.npmjs.org/
571 silly mapToRegistry data Result {
571 silly mapToRegistry   raw: 'json-fallback',
571 silly mapToRegistry   scope: null,
571 silly mapToRegistry   escapedName: 'json-fallback',
571 silly mapToRegistry   name: 'json-fallback',
571 silly mapToRegistry   rawSpec: '',
571 silly mapToRegistry   spec: 'latest',
571 silly mapToRegistry   type: 'tag' }
572 silly mapToRegistry uri https://registry.npmjs.org/json-fallback
573 verbose addNameVersion registry:https://registry.npmjs.org/json-fallback not in flight; fetching
574 http 304 https://registry.npmjs.org/reqwest
575 verbose headers { date: 'Tue, 09 Aug 2016 03:40:05 GMT',
575 verbose headers   via: '1.1 varnish',
575 verbose headers   'cache-control': 'max-age=300',
575 verbose headers   etag: '"AU2N3XL8R1BQ79O6J2WFOEU1B"',
575 verbose headers   age: '134',
575 verbose headers   connection: 'keep-alive',
575 verbose headers   'x-served-by': 'cache-lhr6347-LHR',
575 verbose headers   'x-cache': 'HIT',
575 verbose headers   'x-cache-hits': '1',
575 verbose headers   'x-timer': 'S1470714005.594707,VS0,VE0',
575 verbose headers   vary: 'Accept-Encoding' }
576 silly get cb [ 304,
576 silly get   { date: 'Tue, 09 Aug 2016 03:40:05 GMT',
576 silly get     via: '1.1 varnish',
576 silly get     'cache-control': 'max-age=300',
576 silly get     etag: '"AU2N3XL8R1BQ79O6J2WFOEU1B"',
576 silly get     age: '134',
576 silly get     connection: 'keep-alive',
576 silly get     'x-served-by': 'cache-lhr6347-LHR',
576 silly get     'x-cache': 'HIT',
576 silly get     'x-cache-hits': '1',
576 silly get     'x-timer': 'S1470714005.594707,VS0,VE0',
576 silly get     vary: 'Accept-Encoding' } ]
577 verbose etag https://registry.npmjs.org/reqwest from cache
578 verbose get saving reqwest to /home/mikias/.npm/registry.npmjs.org/reqwest/.cache.json
579 verbose correctMkdir /home/mikias/.npm correctMkdir not in flight; initializing
580 verbose get https://registry.npmjs.org/Base64 not expired, no request
581 silly addNameRange number 2 { name: 'Base64', range: '>=0.1.3 <0.2.0', hasData: true }
582 silly addNameRange versions [ 'Base64',
582 silly addNameRange   [ '0.1.0',
582 silly addNameRange     '0.1.1',
582 silly addNameRange     '0.1.2',
582 silly addNameRange     '0.1.3',
582 silly addNameRange     '0.1.4',
582 silly addNameRange     '0.2.0',
582 silly addNameRange     '0.2.1',
582 silly addNameRange     '0.3.0',
582 silly addNameRange     '1.0.0' ] ]
583 silly addNamed Base64@0.1.4
584 verbose addNamed "0.1.4" is a plain semver version for Base64
585 verbose get https://registry.npmjs.org/json-fallback not expired, no request
586 http 304 https://registry.npmjs.org/xtend
587 verbose headers { date: 'Tue, 09 Aug 2016 03:40:05 GMT',
587 verbose headers   via: '1.1 varnish',
587 verbose headers   'cache-control': 'max-age=300',
587 verbose headers   etag: '"3A8QE0J17ULRJ9ERTGGBNQG71"',
587 verbose headers   age: '111',
587 verbose headers   connection: 'keep-alive',
587 verbose headers   'x-served-by': 'cache-lhr6343-LHR',
587 verbose headers   'x-cache': 'HIT',
587 verbose headers   'x-cache-hits': '1',
587 verbose headers   'x-timer': 'S1470714005.600526,VS0,VE0',
587 verbose headers   vary: 'Accept-Encoding' }
588 silly get cb [ 304,
588 silly get   { date: 'Tue, 09 Aug 2016 03:40:05 GMT',
588 silly get     via: '1.1 varnish',
588 silly get     'cache-control': 'max-age=300',
588 silly get     etag: '"3A8QE0J17ULRJ9ERTGGBNQG71"',
588 silly get     age: '111',
588 silly get     connection: 'keep-alive',
588 silly get     'x-served-by': 'cache-lhr6343-LHR',
588 silly get     'x-cache': 'HIT',
588 silly get     'x-cache-hits': '1',
588 silly get     'x-timer': 'S1470714005.600526,VS0,VE0',
588 silly get     vary: 'Accept-Encoding' } ]
589 verbose etag https://registry.npmjs.org/xtend from cache
590 verbose get saving xtend to /home/mikias/.npm/registry.npmjs.org/xtend/.cache.json
591 verbose correctMkdir /home/mikias/.npm correctMkdir not in flight; initializing
592 silly resolveWithNewModule winchan@0.1.2 checking installable status
593 silly cache add args [ 'winchan@^0.1.1', null ]
594 verbose cache add spec winchan@^0.1.1
595 silly cache add parsed spec Result {
595 silly cache add   raw: 'winchan@^0.1.1',
595 silly cache add   scope: null,
595 silly cache add   escapedName: 'winchan',
595 silly cache add   name: 'winchan',
595 silly cache add   rawSpec: '^0.1.1',
595 silly cache add   spec: '>=0.1.1 <0.2.0',
595 silly cache add   type: 'range' }
596 silly addNamed winchan@>=0.1.1 <0.2.0
597 verbose addNamed ">=0.1.1 <0.2.0" is a valid semver range for winchan
598 silly addNameRange { name: 'winchan', range: '>=0.1.1 <0.2.0', hasData: false }
599 silly mapToRegistry name winchan
600 silly mapToRegistry using default registry
601 silly mapToRegistry registry https://registry.npmjs.org/
602 silly mapToRegistry data Result {
602 silly mapToRegistry   raw: 'winchan',
602 silly mapToRegistry   scope: null,
602 silly mapToRegistry   escapedName: 'winchan',
602 silly mapToRegistry   name: 'winchan',
602 silly mapToRegistry   rawSpec: '',
602 silly mapToRegistry   spec: 'latest',
602 silly mapToRegistry   type: 'tag' }
603 silly mapToRegistry uri https://registry.npmjs.org/winchan
604 verbose addNameRange registry:https://registry.npmjs.org/winchan not in flight; fetching
605 silly cache afterAdd Base64@0.1.4
606 verbose afterAdd /home/mikias/.npm/Base64/0.1.4/package/package.json not in flight; writing
607 verbose correctMkdir /home/mikias/.npm correctMkdir not in flight; initializing
608 silly resolveWithNewModule reqwest@1.1.6 checking installable status
609 silly cache add args [ 'reqwest@^1.1.4', null ]
610 verbose cache add spec reqwest@^1.1.4
611 silly cache add parsed spec Result {
611 silly cache add   raw: 'reqwest@^1.1.4',
611 silly cache add   scope: null,
611 silly cache add   escapedName: 'reqwest',
611 silly cache add   name: 'reqwest',
611 silly cache add   rawSpec: '^1.1.4',
611 silly cache add   spec: '>=1.1.4 <2.0.0',
611 silly cache add   type: 'range' }
612 silly addNamed reqwest@>=1.1.4 <2.0.0
613 verbose addNamed ">=1.1.4 <2.0.0" is a valid semver range for reqwest
614 silly addNameRange { name: 'reqwest', range: '>=1.1.4 <2.0.0', hasData: false }
615 silly mapToRegistry name reqwest
616 silly mapToRegistry using default registry
617 silly mapToRegistry registry https://registry.npmjs.org/
618 silly mapToRegistry data Result {
618 silly mapToRegistry   raw: 'reqwest',
618 silly mapToRegistry   scope: null,
618 silly mapToRegistry   escapedName: 'reqwest',
618 silly mapToRegistry   name: 'reqwest',
618 silly mapToRegistry   rawSpec: '',
618 silly mapToRegistry   spec: 'latest',
618 silly mapToRegistry   type: 'tag' }
619 silly mapToRegistry uri https://registry.npmjs.org/reqwest
620 verbose addNameRange registry:https://registry.npmjs.org/reqwest not in flight; fetching
621 silly cache afterAdd json-fallback@0.0.1
622 verbose afterAdd /home/mikias/.npm/json-fallback/0.0.1/package/package.json not in flight; writing
623 verbose correctMkdir /home/mikias/.npm correctMkdir not in flight; initializing
624 verbose get https://registry.npmjs.org/winchan not expired, no request
625 silly addNameRange number 2 { name: 'winchan', range: '>=0.1.1 <0.2.0', hasData: true }
626 silly addNameRange versions [ 'winchan',
626 silly addNameRange   [ '0.0.2',
626 silly addNameRange     '0.0.3',
626 silly addNameRange     '0.0.4',
626 silly addNameRange     '0.0.5',
626 silly addNameRange     '0.0.6',
626 silly addNameRange     '0.1.0',
626 silly addNameRange     '0.1.1',
626 silly addNameRange     '0.1.2' ] ]
627 silly addNamed winchan@0.1.2
628 verbose addNamed "0.1.2" is a plain semver version for winchan
629 silly resolveWithNewModule xtend@2.1.2 checking installable status
630 silly cache add args [ 'xtend@~2.1.1', null ]
631 verbose cache add spec xtend@~2.1.1
632 silly cache add parsed spec Result {
632 silly cache add   raw: 'xtend@~2.1.1',
632 silly cache add   scope: null,
632 silly cache add   escapedName: 'xtend',
632 silly cache add   name: 'xtend',
632 silly cache add   rawSpec: '~2.1.1',
632 silly cache add   spec: '>=2.1.1 <2.2.0',
632 silly cache add   type: 'range' }
633 silly addNamed xtend@>=2.1.1 <2.2.0
634 verbose addNamed ">=2.1.1 <2.2.0" is a valid semver range for xtend
635 silly addNameRange { name: 'xtend', range: '>=2.1.1 <2.2.0', hasData: false }
636 silly mapToRegistry name xtend
637 silly mapToRegistry using default registry
638 silly mapToRegistry registry https://registry.npmjs.org/
639 silly mapToRegistry data Result {
639 silly mapToRegistry   raw: 'xtend',
639 silly mapToRegistry   scope: null,
639 silly mapToRegistry   escapedName: 'xtend',
639 silly mapToRegistry   name: 'xtend',
639 silly mapToRegistry   rawSpec: '',
639 silly mapToRegistry   spec: 'latest',
639 silly mapToRegistry   type: 'tag' }
640 silly mapToRegistry uri https://registry.npmjs.org/xtend
641 verbose addNameRange registry:https://registry.npmjs.org/xtend not in flight; fetching
642 verbose get https://registry.npmjs.org/reqwest not expired, no request
643 silly addNameRange number 2 { name: 'reqwest', range: '>=1.1.4 <2.0.0', hasData: true }
644 silly addNameRange versions [ 'reqwest',
644 silly addNameRange   [ '0.0.1',
644 silly addNameRange     '0.0.2',
644 silly addNameRange     '0.0.3',
644 silly addNameRange     '0.0.4',
644 silly addNameRange     '0.0.5',
644 silly addNameRange     '0.0.6',
644 silly addNameRange     '0.0.7',
644 silly addNameRange     '0.0.8',
644 silly addNameRange     '0.0.9',
644 silly addNameRange     '0.1.0',
644 silly addNameRange     '0.1.1',
644 silly addNameRange     '0.1.2',
644 silly addNameRange     '0.1.3',
644 silly addNameRange     '0.1.4',
644 silly addNameRange     '0.1.5',
644 silly addNameRange     '0.1.6',
644 silly addNameRange     '0.1.7',
644 silly addNameRange     '0.1.8',
644 silly addNameRange     '0.1.9',
644 silly addNameRange     '0.2.0',
644 silly addNameRange     '0.2.1',
644 silly addNameRange     '0.2.2',
644 silly addNameRange     '0.2.3',
644 silly addNameRange     '0.2.4',
644 silly addNameRange     '0.2.5',
644 silly addNameRange     '0.2.7',
644 silly addNameRange     '0.2.8',
644 silly addNameRange     '0.3.0',
644 silly addNameRange     '0.3.1',
644 silly addNameRange     '0.3.2',
644 silly addNameRange     '0.3.3',
644 silly addNameRange     '0.4.0',
644 silly addNameRange     '0.4.1',
644 silly addNameRange     '0.4.2',
644 silly addNameRange     '0.4.3',
644 silly addNameRange     '0.4.5',
644 silly addNameRange     '0.5.0',
644 silly addNameRange     '0.5.1',
644 silly addNameRange     '0.6.0',
644 silly addNameRange     '0.6.1',
644 silly addNameRange     '0.6.2',
644 silly addNameRange     '0.6.4',
644 silly addNameRange     '0.6.5',
644 silly addNameRange     '0.7.0',
644 silly addNameRange     '0.7.1',
644 silly addNameRange     '0.7.2',
644 silly addNameRange     '0.7.3',
644 silly addNameRange     '0.8.0',
644 silly addNameRange     '0.8.1',
644 silly addNameRange     '0.8.2',
644 silly addNameRange     '0.9.0',
644 silly addNameRange     '0.9.1',
644 silly addNameRange     '0.9.2',
644 silly addNameRange     '0.9.3',
644 silly addNameRange     '0.9.4',
644 silly addNameRange     '0.9.5',
644 silly addNameRange     '0.9.6',
644 silly addNameRange     '0.9.7',
644 silly addNameRange     '1.0.1',
644 silly addNameRange     '1.0.2',
644 silly addNameRange     '1.1.0',
644 silly addNameRange     '1.1.2',
644 silly addNameRange     '1.1.3',
644 silly addNameRange     '1.1.4',
644 silly addNameRange     '1.1.5',
644 silly addNameRange     '1.1.6',
644 silly addNameRange     '2.0.0',
644 silly addNameRange     '2.0.1',
644 silly addNameRange     '2.0.2',
644 silly addNameRange     '2.0.3',
644 silly addNameRange     '2.0.4',
644 silly addNameRange     '2.0.5' ] ]
645 silly addNamed reqwest@1.1.6
646 verbose addNamed "1.1.6" is a plain semver version for reqwest
647 verbose afterAdd /home/mikias/.npm/Base64/0.1.4/package/package.json written
648 verbose afterAdd /home/mikias/.npm/json-fallback/0.0.1/package/package.json written
649 silly mapToRegistry name reqwest
650 silly mapToRegistry using default registry
651 silly mapToRegistry registry https://registry.npmjs.org/
652 silly mapToRegistry data Result {
652 silly mapToRegistry   raw: 'reqwest',
652 silly mapToRegistry   scope: null,
652 silly mapToRegistry   escapedName: 'reqwest',
652 silly mapToRegistry   name: 'reqwest',
652 silly mapToRegistry   rawSpec: '',
652 silly mapToRegistry   spec: 'latest',
652 silly mapToRegistry   type: 'tag' }
653 silly mapToRegistry uri https://registry.npmjs.org/reqwest
654 verbose addRemoteTarball https://registry.npmjs.org/reqwest/-/reqwest-1.1.6.tgz not in flight; adding
655 verbose addRemoteTarball [ 'https://registry.npmjs.org/reqwest/-/reqwest-1.1.6.tgz',
655 verbose addRemoteTarball   '4b6894d29596bf8e824a25f34975df15562ee813' ]
656 silly cache afterAdd winchan@0.1.2
657 verbose afterAdd /home/mikias/.npm/winchan/0.1.2/package/package.json not in flight; writing
658 verbose correctMkdir /home/mikias/.npm correctMkdir not in flight; initializing
659 verbose get https://registry.npmjs.org/xtend not expired, no request
660 silly addNameRange number 2 { name: 'xtend', range: '>=2.1.1 <2.2.0', hasData: true }
661 silly addNameRange versions [ 'xtend',
661 silly addNameRange   [ '1.0.0',
661 silly addNameRange     '1.0.1',
661 silly addNameRange     '1.0.2',
661 silly addNameRange     '1.0.3',
661 silly addNameRange     '2.0.1',
661 silly addNameRange     '2.0.2',
661 silly addNameRange     '2.0.3',
661 silly addNameRange     '2.0.4',
661 silly addNameRange     '2.0.5',
661 silly addNameRange     '2.0.6',
661 silly addNameRange     '2.1.1',
661 silly addNameRange     '2.1.2',
661 silly addNameRange     '2.2.0',
661 silly addNameRange     '3.0.0',
661 silly addNameRange     '4.0.0',
661 silly addNameRange     '4.0.1' ] ]
662 silly addNamed xtend@2.1.2
663 verbose addNamed "2.1.2" is a plain semver version for xtend
664 verbose afterAdd /home/mikias/.npm/winchan/0.1.2/package/package.json written
665 info retry fetch attempt 1 at 6:40:05 AM
666 info attempt registry request try #1 at 6:40:05 AM
667 http fetch GET https://registry.npmjs.org/reqwest/-/reqwest-1.1.6.tgz
668 silly cache afterAdd xtend@2.1.2
669 verbose afterAdd /home/mikias/.npm/xtend/2.1.2/package/package.json not in flight; writing
670 verbose correctMkdir /home/mikias/.npm correctMkdir not in flight; initializing
671 verbose afterAdd /home/mikias/.npm/xtend/2.1.2/package/package.json written
672 http fetch 200 https://registry.npmjs.org/reqwest/-/reqwest-1.1.6.tgz
673 info retry will retry, error on last attempt: Error: read ECONNRESET
674 info retry will retry, error on last attempt: Error: read ECONNRESET
675 silly fetchAndShaCheck shasum 4b6894d29596bf8e824a25f34975df15562ee813
676 verbose mirrorRemote git+https://github.com/jfromaniello/node-querystring.git#fix_ie7_bug_with_arrays git clone https://github.com/jfromaniello/node-querystring.git
677 verbose correctMkdir /home/mikias/.npm/_git-remotes correctMkdir not in flight; initializing
678 verbose setPermissions git+https://github.com/jfromaniello/node-querystring.git#fix_ie7_bug_with_arrays set permissions on /home/mikias/.npm/_git-remotes/git-https-github-com-jfromaniello-node-querystring-git-fix-ie7-bug-with-arrays-bf85daad
679 verbose resolveHead git+https://github.com/jfromaniello/node-querystring.git#fix_ie7_bug_with_arrays original treeish: fix_ie7_bug_with_arrays
680 info git [ 'rev-list', '-n1', 'fix_ie7_bug_with_arrays' ]
681 silly resolveHead git+https://github.com/jfromaniello/node-querystring.git#fix_ie7_bug_with_arrays resolved treeish: 5d96513991635e3e22d7aa54a8584d6ce97cace8
682 verbose resolveHead git+https://github.com/jfromaniello/node-querystring.git#fix_ie7_bug_with_arrays resolved Git URL: git+https://github.com/jfromaniello/node-querystring.git#5d96513991635e3e22d7aa54a8584d6ce97cace8
683 silly resolveHead Git working directory: /tmp/npm-4081-660240c9/git-cache-1f83fbcb/5d96513991635e3e22d7aa54a8584d6ce97cace8
684 info git [ 'clone',
684 info git   '/home/mikias/.npm/_git-remotes/git-https-github-com-jfromaniello-node-querystring-git-fix-ie7-bug-with-arrays-bf85daad',
684 info git   '/tmp/npm-4081-660240c9/git-cache-1f83fbcb/5d96513991635e3e22d7aa54a8584d6ce97cace8' ]
685 verbose cloneResolved git+https://github.com/jfromaniello/node-querystring.git#fix_ie7_bug_with_arrays clone Cloning into '/tmp/npm-4081-660240c9/git-cache-1f83fbcb/5d96513991635e3e22d7aa54a8584d6ce97cace8'...
685 verbose cloneResolved done.
686 info git [ 'checkout', '5d96513991635e3e22d7aa54a8584d6ce97cace8' ]
687 verbose checkoutTreeish git+https://github.com/jfromaniello/node-querystring.git#fix_ie7_bug_with_arrays checkout Note: checking out '5d96513991635e3e22d7aa54a8584d6ce97cace8'.
687 verbose checkoutTreeish
687 verbose checkoutTreeish You are in 'detached HEAD' state. You can look around, make experimental
687 verbose checkoutTreeish changes and commit them, and you can discard any commits you make in this
687 verbose checkoutTreeish state without impacting any branches by performing another checkout.
687 verbose checkoutTreeish
687 verbose checkoutTreeish If you want to create a new branch to retain commits you create, you may
687 verbose checkoutTreeish do so (now or later) by using -b with the checkout command again. Example:
687 verbose checkoutTreeish
687 verbose checkoutTreeish   git checkout -b <new-branch-name>
687 verbose checkoutTreeish
687 verbose checkoutTreeish HEAD is now at 5d96513... convert string to array ie7 workarround
688 info git [ 'submodule', '-q', 'update', '--init', '--recursive' ]
689 verbose updateSubmodules git+https://github.com/jfromaniello/node-querystring.git#fix_ie7_bug_with_arrays submodule update
690 verbose addLocalDirectory /home/mikias/.npm/qs/0.6.6/package.tgz not in flight; packing
691 verbose correctMkdir /home/mikias/.npm correctMkdir not in flight; initializing
692 verbose tar pack [ '/home/mikias/.npm/qs/0.6.6/package.tgz',
692 verbose tar pack   '/tmp/npm-4081-660240c9/git-cache-1f83fbcb/5d96513991635e3e22d7aa54a8584d6ce97cace8' ]
693 verbose tarball /home/mikias/.npm/qs/0.6.6/package.tgz
694 verbose folder /tmp/npm-4081-660240c9/git-cache-1f83fbcb/5d96513991635e3e22d7aa54a8584d6ce97cace8
695 verbose addLocalTarball adding from inside cache /home/mikias/.npm/qs/0.6.6/package.tgz
696 verbose correctMkdir /home/mikias/.npm correctMkdir not in flight; initializing
697 verbose addRemoteGit data._from: git+https://github.com/jfromaniello/node-querystring.git#fix_ie7_bug_with_arrays
698 verbose addRemoteGit data._resolved: git+https://github.com/jfromaniello/node-querystring.git#5d96513991635e3e22d7aa54a8584d6ce97cace8
699 silly cache afterAdd qs@0.6.6
700 verbose afterAdd /home/mikias/.npm/qs/0.6.6/package/package.json not in flight; writing
701 verbose correctMkdir /home/mikias/.npm correctMkdir not in flight; initializing
702 verbose afterAdd /home/mikias/.npm/qs/0.6.6/package/package.json written
703 silly resolveWithNewModule qs@0.6.6 checking installable status
704 silly rollbackFailedOptional Starting
705 silly rollbackFailedOptional Finishing
706 silly runTopLevelLifecycles Starting
707 silly runTopLevelLifecycles Finishing
708 silly install printInstalled
709 verbose stack Error: shasum check failed for /tmp/npm-4081-660240c9/registry.npmjs.org/reqwest/-/reqwest-1.1.6.tgz
709 verbose stack Expected: 4b6894d29596bf8e824a25f34975df15562ee813
709 verbose stack Actual:   e0556faf9013b759e1d016831d6eb04b0d3739cc
709 verbose stack From:     https://registry.npmjs.org/reqwest/-/reqwest-1.1.6.tgz
709 verbose stack     at /usr/lib/node_modules/npm/node_modules/sha/index.js:25:8
709 verbose stack     at ReadStream.<anonymous> (/usr/lib/node_modules/npm/node_modules/sha/index.js:72:7)
709 verbose stack     at emitNone (events.js:91:20)
709 verbose stack     at ReadStream.emit (events.js:185:7)
709 verbose stack     at endReadableNT (_stream_readable.js:975:12)
709 verbose stack     at _combinedTickCallback (internal/process/next_tick.js:74:11)
709 verbose stack     at process._tickCallback (internal/process/next_tick.js:98:9)
710 verbose cwd /home/mikias/workspaces/portfolio/ang-client
711 error Linux 4.4.0-21-generic
712 error argv "/usr/bin/nodejs" "/usr/bin/npm" "install" "--save" "auth0-lock"
713 error node v6.3.1
714 error npm  v3.10.5
715 error shasum check failed for /tmp/npm-4081-660240c9/registry.npmjs.org/reqwest/-/reqwest-1.1.6.tgz
715 error Expected: 4b6894d29596bf8e824a25f34975df15562ee813
715 error Actual:   e0556faf9013b759e1d016831d6eb04b0d3739cc
715 error From:     https://registry.npmjs.org/reqwest/-/reqwest-1.1.6.tgz
716 error If you need help, you may report this error at:
716 error     <https://github.com/npm/npm/issues>
717 verbose exit [ 1, true ]
